#
# A fatal error has been detected by the Java Runtime Environment:
#
#  SIGSEGV (0xb) at pc=0xb70b0f05, pid=2645, tid=3064195952
#
# JRE version: 6.0_24-b07
# Java VM: Java HotSpot(TM) Server VM (19.1-b02 mixed mode linux-x86 )
# Problematic frame:
# V  [libjvm.so+0x64bf05]
#
# If you would like to submit a bug report, please visit:
#   http://java.sun.com/webapps/bugreport/crash.jsp
#

---------------  T H R E A D  ---------------

Current thread (0x09add000):  JavaThread "main" [_thread_in_vm, id=2654, stack(0xb69ee000,0xb6a3f000)]

siginfo:si_signo=SIGSEGV: si_errno=0, si_code=1 (SEGV_MAPERR), si_addr=0x00000000

Registers:
EAX=0x00000000, EBX=0xb7240e88, ECX=0x00000028, EDX=0x00000000
ESP=0xb6a33fc4, EBP=0xb6a340dc, ESI=0xb6a34114, EDI=0xb6a34114
EIP=0xb70b0f05, CR2=0x00000000, EFLAGS=0x00010296

Register to memory mapping:

EAX=0x00000000
0x00000000 is pointing to unknown location

EBX=0xb7240e88
0xb7240e88: <offset 0x7dbe88> in /usr/lib/jvm/java-6-sun-1.6.0.24/jre/lib/i386/server/libjvm.so at 0xb6a65000

ECX=0x00000028
0x00000028 is pointing to unknown location

EDX=0x00000000
0x00000000 is pointing to unknown location

ESP=0xb6a33fc4
0xb6a33fc4 is pointing into the stack for thread: 0x09add000
"main" prio=10 tid=0x09add000 nid=0xa5e runnable [0xb6a34000]
   java.lang.Thread.State: RUNNABLE

EBP=0xb6a340dc
0xb6a340dc is pointing into the stack for thread: 0x09add000
"main" prio=10 tid=0x09add000 nid=0xa5e runnable [0xb6a34000]
   java.lang.Thread.State: RUNNABLE

ESI=0xb6a34114
0xb6a34114 is pointing into the stack for thread: 0x09add000
"main" prio=10 tid=0x09add000 nid=0xa5e runnable [0xb6a34000]
   java.lang.Thread.State: RUNNABLE

EDI=0xb6a34114
0xb6a34114 is pointing into the stack for thread: 0x09add000
"main" prio=10 tid=0x09add000 nid=0xa5e runnable [0xb6a34000]
   java.lang.Thread.State: RUNNABLE


Top of Stack: (sp=0xb6a33fc4)
0xb6a33fc4:   b6a34054 b6f612a7 b6a3400c 87dceb88
0xb6a33fd4:   8c8dfd38 87891198 09add000 00000004
0xb6a33fe4:   b76ed6d6 b7025d00 b6a33ffc 00000000
0xb6a33ff4:   0000001a 01add904 4e721985 00032e13
0xb6a34004:   09add93c b6bf7bd6 b6a340cc 00000000
0xb6a34014:   b6a34024 b7138275 b7240e88 b6a340cc
0xb6a34024:   b6a34054 b7240e88 b6a34114 09add948
0xb6a34034:   b6a340c4 b6bf6ddf 8c8dff58 87c49380 

Instructions: (pc=0xb70b0f05)
0xb70b0ef5:   04 8b 57 08 e8 00 00 00 00 5b 81 c3 8a ff 18 00
0xb70b0f05:   8b 00 83 c0 0a 0f be 34 02 39 ce 74 32 8d b5 e8 

Stack: [0xb69ee000,0xb6a3f000],  sp=0xb6a33fc4,  free space=279k
Native frames: (J=compiled Java code, j=interpreted, Vv=VM code, C=native code)
V  [libjvm.so+0x64bf05]
V  [libjvm.so+0x64c32c]
V  [libjvm.so+0x346ddb]
V  [libjvm.so+0x3c90b3]
j  org.codehaus.groovy.runtime.InvokerInvocationException.<init>(Ljava/lang/reflect/InvocationTargetException;)V+2
j  org.codehaus.groovy.reflection.CachedMethod.invoke(Ljava/lang/Object;[Ljava/lang/Object;)Ljava/lang/Object;+66
j  groovy.lang.MetaMethod.doMethodInvoke(Ljava/lang/Object;[Ljava/lang/Object;)Ljava/lang/Object;+9

Java frames: (J=compiled Java code, j=interpreted, Vv=VM code)
j  org.codehaus.groovy.runtime.InvokerInvocationException.<init>(Ljava/lang/reflect/InvocationTargetException;)V+2
j  org.codehaus.groovy.reflection.CachedMethod.invoke(Ljava/lang/Object;[Ljava/lang/Object;)Ljava/lang/Object;+66
j  groovy.lang.MetaMethod.doMethodInvoke(Ljava/lang/Object;[Ljava/lang/Object;)Ljava/lang/Object;+9
J  groovy.lang.MetaClassImpl.invokeMethod(Ljava/lang/Class;Ljava/lang/Object;Ljava/lang/String;[Ljava/lang/Object;ZZ)Ljava/lang/Object;
J  groovy.lang.ExpandoMetaClass.invokeMethod(Ljava/lang/Class;Ljava/lang/Object;Ljava/lang/String;[Ljava/lang/Object;ZZ)Ljava/lang/Object;
j  groovy.lang.MetaClassImpl.invokeMethod(Ljava/lang/Object;Ljava/lang/String;[Ljava/lang/Object;)Ljava/lang/Object;+10
j  groovy.lang.DelegatingMetaClass.invokeMethod(Ljava/lang/Object;Ljava/lang/String;[Ljava/lang/Object;)Ljava/lang/Object;+7
j  org.codehaus.gant.GantMetaClass.invokeMethod(Ljava/lang/Object;Ljava/lang/String;[Ljava/lang/Object;)Ljava/lang/Object;+111
j  org.codehaus.groovy.runtime.callsite.PogoMetaClassSite.call(Ljava/lang/Object;[Ljava/lang/Object;)Ljava/lang/Object;+18
j  org.codehaus.groovy.runtime.callsite.CallSiteArray.defaultCall(Lorg/codehaus/groovy/runtime/callsite/CallSite;Ljava/lang/Object;[Ljava/lang/Object;)Ljava/lang/Object;+8
j  org.codehaus.groovy.runtime.callsite.PogoMetaClassSite.call(Ljava/lang/Object;[Ljava/lang/Object;)Ljava/lang/Object;+91
J  org.codehaus.groovy.runtime.callsite.AbstractCallSite.call(Ljava/lang/Object;Ljava/lang/Object;)Ljava/lang/Object;
j  org.codehaus.gant.GantBinding$_initializeGantBinding_closure5_closure16_closure18.doCall(Ljava/lang/Object;)Ljava/lang/Object;+22
j  sun.reflect.GeneratedMethodAccessor89.invoke(Ljava/lang/Object;[Ljava/lang/Object;)Ljava/lang/Object;+40
J  java.lang.reflect.Method.invoke(Ljava/lang/Object;[Ljava/lang/Object;)Ljava/lang/Object;
J  com.springsource.loaded.ri.ReflectiveInterceptor.jlrMethodInvoke(Ljava/lang/reflect/Method;Ljava/lang/Object;[Ljava/lang/Object;)Ljava/lang/Object;
j  org.codehaus.groovy.runtime.callsite.PogoMetaMethodSite$PogoCachedMethodSite.invoke(Ljava/lang/Object;[Ljava/lang/Object;)Ljava/lang/Object;+19
j  org.codehaus.groovy.runtime.callsite.PogoMetaMethodSite.callCurrent(Lgroovy/lang/GroovyObject;[Ljava/lang/Object;)Ljava/lang/Object;+12
j  org.codehaus.groovy.runtime.callsite.AbstractCallSite.callCurrent(Lgroovy/lang/GroovyObject;Ljava/lang/Object;)Ljava/lang/Object;+6
j  org.codehaus.gant.GantBinding$_initializeGantBinding_closure5_closure16_closure18.doCall()Ljava/lang/Object;+16
j  sun.reflect.GeneratedMethodAccessor88.invoke(Ljava/lang/Object;[Ljava/lang/Object;)Ljava/lang/Object;+36
J  java.lang.reflect.Method.invoke(Ljava/lang/Object;[Ljava/lang/Object;)Ljava/lang/Object;
J  com.springsource.loaded.ri.ReflectiveInterceptor.jlrMethodInvoke(Ljava/lang/reflect/Method;Ljava/lang/Object;[Ljava/lang/Object;)Ljava/lang/Object;
J  groovy.lang.MetaMethod.doMethodInvoke(Ljava/lang/Object;[Ljava/lang/Object;)Ljava/lang/Object;
J  groovy.lang.MetaClassImpl.invokeMethod(Ljava/lang/Class;Ljava/lang/Object;Ljava/lang/String;[Ljava/lang/Object;ZZ)Ljava/lang/Object;
J  groovy.lang.Closure.call([Ljava/lang/Object;)Ljava/lang/Object;
j  groovy.lang.Closure.call()Ljava/lang/Object;+6
j  java_util_concurrent_Callable$call.call(Ljava/lang/Object;)Ljava/lang/Object;+12
j  org.codehaus.gant.GantBinding.withTargetEvent(Ljava/lang/Object;Ljava/lang/Object;Lgroovy/lang/Closure;)Ljava/lang/Object;+157
j  org.codehaus.gant.GantBinding.this$4$withTargetEvent(Ljava/lang/Object;Ljava/lang/Object;Lgroovy/lang/Closure;)Ljava/lang/Object;+4
j  sun.reflect.GeneratedMethodAccessor83.invoke(Ljava/lang/Object;[Ljava/lang/Object;)Ljava/lang/Object;+56
J  java.lang.reflect.Method.invoke(Ljava/lang/Object;[Ljava/lang/Object;)Ljava/lang/Object;
J  com.springsource.loaded.ri.ReflectiveInterceptor.jlrMethodInvoke(Ljava/lang/reflect/Method;Ljava/lang/Object;[Ljava/lang/Object;)Ljava/lang/Object;
J  groovy.lang.MetaMethod.doMethodInvoke(Ljava/lang/Object;[Ljava/lang/Object;)Ljava/lang/Object;
J  groovy.lang.MetaClassImpl.invokeMethod(Ljava/lang/Class;Ljava/lang/Object;Ljava/lang/String;[Ljava/lang/Object;ZZ)Ljava/lang/Object;
J  groovy.lang.MetaClassImpl.invokeMethod(Ljava/lang/Class;Ljava/lang/Object;Ljava/lang/String;[Ljava/lang/Object;ZZ)Ljava/lang/Object;
J  groovy.lang.ExpandoMetaClass.invokeMethod(Ljava/lang/Class;Ljava/lang/Object;Ljava/lang/String;[Ljava/lang/Object;ZZ)Ljava/lang/Object;
j  groovy.lang.MetaClassImpl.invokeMethod(Ljava/lang/Object;Ljava/lang/String;[Ljava/lang/Object;)Ljava/lang/Object;+10
j  groovy.lang.MetaClassImpl.invokeMethod(Ljava/lang/Object;Ljava/lang/String;Ljava/lang/Object;)Ljava/lang/Object;+56
j  groovy.lang.GroovyObjectSupport.invokeMethod(Ljava/lang/String;Ljava/lang/Object;)Ljava/lang/Object;+7
j  groovy.lang.MetaClassImpl.invokeMethodOnGroovyObject(Ljava/lang/String;[Ljava/lang/Object;Ljava/lang/Object;)Ljava/lang/Object;+10
J  groovy.lang.MetaClassImpl.invokeMethod(Ljava/lang/Class;Ljava/lang/Object;Ljava/lang/String;[Ljava/lang/Object;ZZ)Ljava/lang/Object;
J  groovy.lang.ExpandoMetaClass.invokeMethod(Ljava/lang/Class;Ljava/lang/Object;Ljava/lang/String;[Ljava/lang/Object;ZZ)Ljava/lang/Object;
j  groovy.lang.MetaClassImpl.invokeMethod(Ljava/lang/Object;Ljava/lang/String;[Ljava/lang/Object;)Ljava/lang/Object;+10
j  org.codehaus.groovy.runtime.callsite.PogoMetaClassSite.callCurrent(Lgroovy/lang/GroovyObject;[Ljava/lang/Object;)Ljava/lang/Object;+18
j  org.codehaus.groovy.runtime.callsite.AbstractCallSite.callCurrent(Lgroovy/lang/GroovyObject;Ljava/lang/Object;Ljava/lang/Object;Ljava/lang/Object;)Ljava/lang/Object;+9
j  org.codehaus.gant.GantBinding$_initializeGantBinding_closure5_closure16.doCall(Ljava/lang/Object;)Ljava/lang/Object;+157
j  sun.reflect.GeneratedMethodAccessor82.invoke(Ljava/lang/Object;[Ljava/lang/Object;)Ljava/lang/Object;+40
J  java.lang.reflect.Method.invoke(Ljava/lang/Object;[Ljava/lang/Object;)Ljava/lang/Object;
J  com.springsource.loaded.ri.ReflectiveInterceptor.jlrMethodInvoke(Ljava/lang/reflect/Method;Ljava/lang/Object;[Ljava/lang/Object;)Ljava/lang/Object;
j  org.codehaus.groovy.runtime.callsite.PogoMetaMethodSite$PogoCachedMethodSite.invoke(Ljava/lang/Object;[Ljava/lang/Object;)Ljava/lang/Object;+19
j  org.codehaus.groovy.runtime.callsite.PogoMetaMethodSite.callCurrent(Lgroovy/lang/GroovyObject;[Ljava/lang/Object;)Ljava/lang/Object;+12
j  org.codehaus.groovy.runtime.callsite.AbstractCallSite.callCurrent(Lgroovy/lang/GroovyObject;Ljava/lang/Object;)Ljava/lang/Object;+6
j  org.codehaus.gant.GantBinding$_initializeGantBinding_closure5_closure16.doCall()Ljava/lang/Object;+16
j  sun.reflect.GeneratedMethodAccessor81.invoke(Ljava/lang/Object;[Ljava/lang/Object;)Ljava/lang/Object;+36
J  java.lang.reflect.Method.invoke(Ljava/lang/Object;[Ljava/lang/Object;)Ljava/lang/Object;
J  com.springsource.loaded.ri.ReflectiveInterceptor.jlrMethodInvoke(Ljava/lang/reflect/Method;Ljava/lang/Object;[Ljava/lang/Object;)Ljava/lang/Object;
J  groovy.lang.MetaMethod.doMethodInvoke(Ljava/lang/Object;[Ljava/lang/Object;)Ljava/lang/Object;
J  groovy.lang.MetaClassImpl.invokeMethod(Ljava/lang/Class;Ljava/lang/Object;Ljava/lang/String;[Ljava/lang/Object;ZZ)Ljava/lang/Object;
J  groovy.lang.Closure.call([Ljava/lang/Object;)Ljava/lang/Object;
j  groovy.lang.Closure.call()Ljava/lang/Object;+6
v  ~StubRoutines::call_stub
j  sun.reflect.NativeMethodAccessorImpl.invoke0(Ljava/lang/reflect/Method;Ljava/lang/Object;[Ljava/lang/Object;)Ljava/lang/Object;+0
j  sun.reflect.NativeMethodAccessorImpl.invoke(Ljava/lang/Object;[Ljava/lang/Object;)Ljava/lang/Object;+87
J  java.lang.reflect.Method.invoke(Ljava/lang/Object;[Ljava/lang/Object;)Ljava/lang/Object;
J  com.springsource.loaded.ri.ReflectiveInterceptor.jlrMethodInvoke(Ljava/lang/reflect/Method;Ljava/lang/Object;[Ljava/lang/Object;)Ljava/lang/Object;
J  groovy.lang.MetaMethod.doMethodInvoke(Ljava/lang/Object;[Ljava/lang/Object;)Ljava/lang/Object;
J  groovy.lang.MetaClassImpl.invokeMethod(Ljava/lang/Class;Ljava/lang/Object;Ljava/lang/String;[Ljava/lang/Object;ZZ)Ljava/lang/Object;
J  groovy.lang.ExpandoMetaClass.invokeMethod(Ljava/lang/Class;Ljava/lang/Object;Ljava/lang/String;[Ljava/lang/Object;ZZ)Ljava/lang/Object;
j  groovy.lang.MetaClassImpl.invokeMethod(Ljava/lang/Object;Ljava/lang/String;[Ljava/lang/Object;)Ljava/lang/Object;+10
j  groovy.lang.MetaClassImpl.invokePropertyOrMissing(Ljava/lang/Object;Ljava/lang/String;[Ljava/lang/Object;ZZ)Ljava/lang/Object;+140
J  groovy.lang.MetaClassImpl.invokeMethod(Ljava/lang/Class;Ljava/lang/Object;Ljava/lang/String;[Ljava/lang/Object;ZZ)Ljava/lang/Object;
J  groovy.lang.ExpandoMetaClass.invokeMethod(Ljava/lang/Class;Ljava/lang/Object;Ljava/lang/String;[Ljava/lang/Object;ZZ)Ljava/lang/Object;
j  groovy.lang.MetaClassImpl.invokeMethod(Ljava/lang/Object;Ljava/lang/String;[Ljava/lang/Object;)Ljava/lang/Object;+10
j  groovy.lang.MetaClassImpl.invokeMethod(Ljava/lang/Object;Ljava/lang/String;Ljava/lang/Object;)Ljava/lang/Object;+56
j  groovy.lang.GroovyObjectSupport.invokeMethod(Ljava/lang/String;Ljava/lang/Object;)Ljava/lang/Object;+7
j  groovy.lang.Script.invokeMethod(Ljava/lang/String;Ljava/lang/Object;)Ljava/lang/Object;+3
j  groovy.lang.MetaClassImpl.invokeMethodOnGroovyObject(Ljava/lang/String;[Ljava/lang/Object;Ljava/lang/Object;)Ljava/lang/Object;+10
J  groovy.lang.MetaClassImpl.invokeMethod(Ljava/lang/Class;Ljava/lang/Object;Ljava/lang/String;[Ljava/lang/Object;ZZ)Ljava/lang/Object;
J  groovy.lang.ExpandoMetaClass.invokeMethod(Ljava/lang/Class;Ljava/lang/Object;Ljava/lang/String;[Ljava/lang/Object;ZZ)Ljava/lang/Object;
j  groovy.lang.MetaClassImpl.invokeMethod(Ljava/lang/Object;Ljava/lang/String;[Ljava/lang/Object;)Ljava/lang/Object;+10
j  groovy.lang.DelegatingMetaClass.invokeMethod(Ljava/lang/Object;Ljava/lang/String;[Ljava/lang/Object;)Ljava/lang/Object;+7
j  org.codehaus.gant.GantMetaClass.invokeMethod(Ljava/lang/Object;Ljava/lang/String;[Ljava/lang/Object;)Ljava/lang/Object;+111
j  org.codehaus.groovy.runtime.callsite.PogoMetaClassSite.callCurrent(Lgroovy/lang/GroovyObject;[Ljava/lang/Object;)Ljava/lang/Object;+18
j  org.codehaus.groovy.runtime.callsite.CallSiteArray.defaultCallCurrent(Lorg/codehaus/groovy/runtime/callsite/CallSite;Lgroovy/lang/GroovyObject;[Ljava/lang/Object;)Ljava/lang/Object;+17
j  org.codehaus.groovy.runtime.callsite.AbstractCallSite.callCurrent(Lgroovy/lang/GroovyObject;[Ljava/lang/Object;)Ljava/lang/Object;+3
j  org.codehaus.groovy.runtime.callsite.AbstractCallSite.callCurrent(Lgroovy/lang/GroovyObject;)Ljava/lang/Object;+5
j  _GrailsRun_groovy$_run_closure8.doCall(Ljava/lang/Object;)Ljava/lang/Object;+188
v  ~StubRoutines::call_stub
j  sun.reflect.NativeMethodAccessorImpl.invoke0(Ljava/lang/reflect/Method;Ljava/lang/Object;[Ljava/lang/Object;)Ljava/lang/Object;+0
j  sun.reflect.NativeMethodAccessorImpl.invoke(Ljava/lang/Object;[Ljava/lang/Object;)Ljava/lang/Object;+87
J  java.lang.reflect.Method.invoke(Ljava/lang/Object;[Ljava/lang/Object;)Ljava/lang/Object;
J  com.springsource.loaded.ri.ReflectiveInterceptor.jlrMethodInvoke(Ljava/lang/reflect/Method;Ljava/lang/Object;[Ljava/lang/Object;)Ljava/lang/Object;
J  groovy.lang.MetaMethod.doMethodInvoke(Ljava/lang/Object;[Ljava/lang/Object;)Ljava/lang/Object;
J  groovy.lang.MetaClassImpl.invokeMethod(Ljava/lang/Class;Ljava/lang/Object;Ljava/lang/String;[Ljava/lang/Object;ZZ)Ljava/lang/Object;
J  groovy.lang.ExpandoMetaClass.invokeMethod(Ljava/lang/Class;Ljava/lang/Object;Ljava/lang/String;[Ljava/lang/Object;ZZ)Ljava/lang/Object;
j  groovy.lang.MetaClassImpl.invokeMethod(Ljava/lang/Object;Ljava/lang/String;[Ljava/lang/Object;)Ljava/lang/Object;+10
j  groovy.lang.DelegatingMetaClass.invokeMethod(Ljava/lang/Object;Ljava/lang/String;[Ljava/lang/Object;)Ljava/lang/Object;+7
j  org.codehaus.gant.GantMetaClass.invokeMethod(Ljava/lang/Object;Ljava/lang/String;[Ljava/lang/Object;)Ljava/lang/Object;+111
J  groovy.lang.Closure.call([Ljava/lang/Object;)Ljava/lang/Object;
J  groovy.lang.Closure.call(Ljava/lang/Object;)Ljava/lang/Object;
j  sun.reflect.GeneratedMethodAccessor57.invoke(Ljava/lang/Object;[Ljava/lang/Object;)Ljava/lang/Object;+40
J  java.lang.reflect.Method.invoke(Ljava/lang/Object;[Ljava/lang/Object;)Ljava/lang/Object;
J  com.springsource.loaded.ri.ReflectiveInterceptor.jlrMethodInvoke(Ljava/lang/reflect/Method;Ljava/lang/Object;[Ljava/lang/Object;)Ljava/lang/Object;
J  groovy.lang.MetaMethod.doMethodInvoke(Ljava/lang/Object;[Ljava/lang/Object;)Ljava/lang/Object;
J  groovy.lang.MetaClassImpl.invokeMethod(Ljava/lang/Class;Ljava/lang/Object;Ljava/lang/String;[Ljava/lang/Object;ZZ)Ljava/lang/Object;
J  groovy.lang.ExpandoMetaClass.invokeMethod(Ljava/lang/Class;Ljava/lang/Object;Ljava/lang/String;[Ljava/lang/Object;ZZ)Ljava/lang/Object;
j  groovy.lang.MetaClassImpl.invokeMethod(Ljava/lang/Object;Ljava/lang/String;[Ljava/lang/Object;)Ljava/lang/Object;+10
j  groovy.lang.DelegatingMetaClass.invokeMethod(Ljava/lang/Object;Ljava/lang/String;[Ljava/lang/Object;)Ljava/lang/Object;+7
j  org.codehaus.gant.GantMetaClass.invokeMethod(Ljava/lang/Object;Ljava/lang/String;[Ljava/lang/Object;)Ljava/lang/Object;+111
j  org.codehaus.groovy.runtime.callsite.PogoMetaClassSite.call(Ljava/lang/Object;[Ljava/lang/Object;)Ljava/lang/Object;+18
j  org.codehaus.groovy.runtime.callsite.CallSiteArray.defaultCall(Lorg/codehaus/groovy/runtime/callsite/CallSite;Ljava/lang/Object;[Ljava/lang/Object;)Ljava/lang/Object;+8
j  org.codehaus.groovy.runtime.callsite.PogoMetaClassSite.call(Ljava/lang/Object;[Ljava/lang/Object;)Ljava/lang/Object;+91
J  org.codehaus.groovy.runtime.callsite.AbstractCallSite.call(Ljava/lang/Object;Ljava/lang/Object;)Ljava/lang/Object;
j  org.codehaus.gant.GantBinding$_initializeGantBinding_closure5_closure16_closure18.doCall(Ljava/lang/Object;)Ljava/lang/Object;+22
j  sun.reflect.GeneratedMethodAccessor89.invoke(Ljava/lang/Object;[Ljava/lang/Object;)Ljava/lang/Object;+40
J  java.lang.reflect.Method.invoke(Ljava/lang/Object;[Ljava/lang/Object;)Ljava/lang/Object;
J  com.springsource.loaded.ri.ReflectiveInterceptor.jlrMethodInvoke(Ljava/lang/reflect/Method;Ljava/lang/Object;[Ljava/lang/Object;)Ljava/lang/Object;
j  org.codehaus.groovy.runtime.callsite.PogoMetaMethodSite$PogoCachedMethodSite.invoke(Ljava/lang/Object;[Ljava/lang/Object;)Ljava/lang/Object;+19
j  org.codehaus.groovy.runtime.callsite.PogoMetaMethodSite.callCurrent(Lgroovy/lang/GroovyObject;[Ljava/lang/Object;)Ljava/lang/Object;+12
j  org.codehaus.groovy.runtime.callsite.AbstractCallSite.callCurrent(Lgroovy/lang/GroovyObject;Ljava/lang/Object;)Ljava/lang/Object;+6
j  org.codehaus.gant.GantBinding$_initializeGantBinding_closure5_closure16_closure18.doCall()Ljava/lang/Object;+16
j  sun.reflect.GeneratedMethodAccessor88.invoke(Ljava/lang/Object;[Ljava/lang/Object;)Ljava/lang/Object;+36
J  java.lang.reflect.Method.invoke(Ljava/lang/Object;[Ljava/lang/Object;)Ljava/lang/Object;
J  com.springsource.loaded.ri.ReflectiveInterceptor.jlrMethodInvoke(Ljava/lang/reflect/Method;Ljava/lang/Object;[Ljava/lang/Object;)Ljava/lang/Object;
J  groovy.lang.MetaMethod.doMethodInvoke(Ljava/lang/Object;[Ljava/lang/Object;)Ljava/lang/Object;
J  groovy.lang.MetaClassImpl.invokeMethod(Ljava/lang/Class;Ljava/lang/Object;Ljava/lang/String;[Ljava/lang/Object;ZZ)Ljava/lang/Object;
J  groovy.lang.Closure.call([Ljava/lang/Object;)Ljava/lang/Object;
j  groovy.lang.Closure.call()Ljava/lang/Object;+6
j  java_util_concurrent_Callable$call.call(Ljava/lang/Object;)Ljava/lang/Object;+12
j  org.codehaus.gant.GantBinding.withTargetEvent(Ljava/lang/Object;Ljava/lang/Object;Lgroovy/lang/Closure;)Ljava/lang/Object;+157
j  org.codehaus.gant.GantBinding.this$4$withTargetEvent(Ljava/lang/Object;Ljava/lang/Object;Lgroovy/lang/Closure;)Ljava/lang/Object;+4
j  sun.reflect.GeneratedMethodAccessor83.invoke(Ljava/lang/Object;[Ljava/lang/Object;)Ljava/lang/Object;+56
J  java.lang.reflect.Method.invoke(Ljava/lang/Object;[Ljava/lang/Object;)Ljava/lang/Object;
J  com.springsource.loaded.ri.ReflectiveInterceptor.jlrMethodInvoke(Ljava/lang/reflect/Method;Ljava/lang/Object;[Ljava/lang/Object;)Ljava/lang/Object;
J  groovy.lang.MetaMethod.doMethodInvoke(Ljava/lang/Object;[Ljava/lang/Object;)Ljava/lang/Object;
J  groovy.lang.MetaClassImpl.invokeMethod(Ljava/lang/Class;Ljava/lang/Object;Ljava/lang/String;[Ljava/lang/Object;ZZ)Ljava/lang/Object;
J  groovy.lang.MetaClassImpl.invokeMethod(Ljava/lang/Class;Ljava/lang/Object;Ljava/lang/String;[Ljava/lang/Object;ZZ)Ljava/lang/Object;
J  groovy.lang.ExpandoMetaClass.invokeMethod(Ljava/lang/Class;Ljava/lang/Object;Ljava/lang/String;[Ljava/lang/Object;ZZ)Ljava/lang/Object;
j  groovy.lang.MetaClassImpl.invokeMethod(Ljava/lang/Object;Ljava/lang/String;[Ljava/lang/Object;)Ljava/lang/Object;+10
j  groovy.lang.MetaClassImpl.invokeMethod(Ljava/lang/Object;Ljava/lang/String;Ljava/lang/Object;)Ljava/lang/Object;+56
j  groovy.lang.GroovyObjectSupport.invokeMethod(Ljava/lang/String;Ljava/lang/Object;)Ljava/lang/Object;+7
j  groovy.lang.MetaClassImpl.invokeMethodOnGroovyObject(Ljava/lang/String;[Ljava/lang/Object;Ljava/lang/Object;)Ljava/lang/Object;+10
J  groovy.lang.MetaClassImpl.invokeMethod(Ljava/lang/Class;Ljava/lang/Object;Ljava/lang/String;[Ljava/lang/Object;ZZ)Ljava/lang/Object;
J  groovy.lang.ExpandoMetaClass.invokeMethod(Ljava/lang/Class;Ljava/lang/Object;Ljava/lang/String;[Ljava/lang/Object;ZZ)Ljava/lang/Object;
j  groovy.lang.MetaClassImpl.invokeMethod(Ljava/lang/Object;Ljava/lang/String;[Ljava/lang/Object;)Ljava/lang/Object;+10
j  org.codehaus.groovy.runtime.callsite.PogoMetaClassSite.callCurrent(Lgroovy/lang/GroovyObject;[Ljava/lang/Object;)Ljava/lang/Object;+18
j  org.codehaus.groovy.runtime.callsite.AbstractCallSite.callCurrent(Lgroovy/lang/GroovyObject;Ljava/lang/Object;Ljava/lang/Object;Ljava/lang/Object;)Ljava/lang/Object;+9
j  org.codehaus.gant.GantBinding$_initializeGantBinding_closure5_closure16.doCall(Ljava/lang/Object;)Ljava/lang/Object;+157
j  sun.reflect.GeneratedMethodAccessor82.invoke(Ljava/lang/Object;[Ljava/lang/Object;)Ljava/lang/Object;+40
J  java.lang.reflect.Method.invoke(Ljava/lang/Object;[Ljava/lang/Object;)Ljava/lang/Object;
J  com.springsource.loaded.ri.ReflectiveInterceptor.jlrMethodInvoke(Ljava/lang/reflect/Method;Ljava/lang/Object;[Ljava/lang/Object;)Ljava/lang/Object;
j  org.codehaus.groovy.runtime.callsite.PogoMetaMethodSite$PogoCachedMethodSite.invoke(Ljava/lang/Object;[Ljava/lang/Object;)Ljava/lang/Object;+19
j  org.codehaus.groovy.runtime.callsite.PogoMetaMethodSite.callCurrent(Lgroovy/lang/GroovyObject;[Ljava/lang/Object;)Ljava/lang/Object;+12
j  org.codehaus.groovy.runtime.callsite.AbstractCallSite.callCurrent(Lgroovy/lang/GroovyObject;Ljava/lang/Object;)Ljava/lang/Object;+6
j  org.codehaus.gant.GantBinding$_initializeGantBinding_closure5_closure16.doCall()Ljava/lang/Object;+16
j  sun.reflect.GeneratedMethodAccessor81.invoke(Ljava/lang/Object;[Ljava/lang/Object;)Ljava/lang/Object;+36
J  java.lang.reflect.Method.invoke(Ljava/lang/Object;[Ljava/lang/Object;)Ljava/lang/Object;
J  com.springsource.loaded.ri.ReflectiveInterceptor.jlrMethodInvoke(Ljava/lang/reflect/Method;Ljava/lang/Object;[Ljava/lang/Object;)Ljava/lang/Object;
J  groovy.lang.MetaMethod.doMethodInvoke(Ljava/lang/Object;[Ljava/lang/Object;)Ljava/lang/Object;
J  groovy.lang.MetaClassImpl.invokeMethod(Ljava/lang/Class;Ljava/lang/Object;Ljava/lang/String;[Ljava/lang/Object;ZZ)Ljava/lang/Object;
J  groovy.lang.Closure.call([Ljava/lang/Object;)Ljava/lang/Object;
j  groovy.lang.Closure.call()Ljava/lang/Object;+6
v  ~StubRoutines::call_stub
j  sun.reflect.NativeMethodAccessorImpl.invoke0(Ljava/lang/reflect/Method;Ljava/lang/Object;[Ljava/lang/Object;)Ljava/lang/Object;+0
j  sun.reflect.NativeMethodAccessorImpl.invoke(Ljava/lang/Object;[Ljava/lang/Object;)Ljava/lang/Object;+87
J  java.lang.reflect.Method.invoke(Ljava/lang/Object;[Ljava/lang/Object;)Ljava/lang/Object;
J  com.springsource.loaded.ri.ReflectiveInterceptor.jlrMethodInvoke(Ljava/lang/reflect/Method;Ljava/lang/Object;[Ljava/lang/Object;)Ljava/lang/Object;
J  groovy.lang.MetaMethod.doMethodInvoke(Ljava/lang/Object;[Ljava/lang/Object;)Ljava/lang/Object;
J  groovy.lang.MetaClassImpl.invokeMethod(Ljava/lang/Class;Ljava/lang/Object;Ljava/lang/String;[Ljava/lang/Object;ZZ)Ljava/lang/Object;
J  groovy.lang.ExpandoMetaClass.invokeMethod(Ljava/lang/Class;Ljava/lang/Object;Ljava/lang/String;[Ljava/lang/Object;ZZ)Ljava/lang/Object;
j  groovy.lang.MetaClassImpl.invokeMethod(Ljava/lang/Object;Ljava/lang/String;[Ljava/lang/Object;)Ljava/lang/Object;+10
j  groovy.lang.MetaClassImpl.invokePropertyOrMissing(Ljava/lang/Object;Ljava/lang/String;[Ljava/lang/Object;ZZ)Ljava/lang/Object;+140
J  groovy.lang.MetaClassImpl.invokeMethod(Ljava/lang/Class;Ljava/lang/Object;Ljava/lang/String;[Ljava/lang/Object;ZZ)Ljava/lang/Object;
J  groovy.lang.ExpandoMetaClass.invokeMethod(Ljava/lang/Class;Ljava/lang/Object;Ljava/lang/String;[Ljava/lang/Object;ZZ)Ljava/lang/Object;
j  groovy.lang.MetaClassImpl.invokeMethod(Ljava/lang/Object;Ljava/lang/String;[Ljava/lang/Object;)Ljava/lang/Object;+10
j  groovy.lang.MetaClassImpl.invokeMethod(Ljava/lang/Object;Ljava/lang/String;Ljava/lang/Object;)Ljava/lang/Object;+56
j  groovy.lang.GroovyObjectSupport.invokeMethod(Ljava/lang/String;Ljava/lang/Object;)Ljava/lang/Object;+7
j  groovy.lang.Script.invokeMethod(Ljava/lang/String;Ljava/lang/Object;)Ljava/lang/Object;+3
j  groovy.lang.MetaClassImpl.invokeMethodOnGroovyObject(Ljava/lang/String;[Ljava/lang/Object;Ljava/lang/Object;)Ljava/lang/Object;+10
J  groovy.lang.MetaClassImpl.invokeMethod(Ljava/lang/Class;Ljava/lang/Object;Ljava/lang/String;[Ljava/lang/Object;ZZ)Ljava/lang/Object;
J  groovy.lang.ExpandoMetaClass.invokeMethod(Ljava/lang/Class;Ljava/lang/Object;Ljava/lang/String;[Ljava/lang/Object;ZZ)Ljava/lang/Object;
j  groovy.lang.MetaClassImpl.invokeMethod(Ljava/lang/Object;Ljava/lang/String;[Ljava/lang/Object;)Ljava/lang/Object;+10
j  groovy.lang.DelegatingMetaClass.invokeMethod(Ljava/lang/Object;Ljava/lang/String;[Ljava/lang/Object;)Ljava/lang/Object;+7
j  org.codehaus.gant.GantMetaClass.invokeMethod(Ljava/lang/Object;Ljava/lang/String;[Ljava/lang/Object;)Ljava/lang/Object;+111
j  org.codehaus.groovy.runtime.callsite.PogoMetaClassSite.callCurrent(Lgroovy/lang/GroovyObject;[Ljava/lang/Object;)Ljava/lang/Object;+18
j  org.codehaus.groovy.runtime.callsite.CallSiteArray.defaultCallCurrent(Lorg/codehaus/groovy/runtime/callsite/CallSite;Lgroovy/lang/GroovyObject;[Ljava/lang/Object;)Ljava/lang/Object;+17
j  org.codehaus.groovy.runtime.callsite.AbstractCallSite.callCurrent(Lgroovy/lang/GroovyObject;[Ljava/lang/Object;)Ljava/lang/Object;+3
j  org.codehaus.groovy.runtime.callsite.AbstractCallSite.callCurrent(Lgroovy/lang/GroovyObject;)Ljava/lang/Object;+5
j  RunApp$_run_closure1.doCall(Ljava/lang/Object;)Ljava/lang/Object;+110
v  ~StubRoutines::call_stub
j  sun.reflect.NativeMethodAccessorImpl.invoke0(Ljava/lang/reflect/Method;Ljava/lang/Object;[Ljava/lang/Object;)Ljava/lang/Object;+0
j  sun.reflect.NativeMethodAccessorImpl.invoke(Ljava/lang/Object;[Ljava/lang/Object;)Ljava/lang/Object;+87
j  sun.reflect.DelegatingMethodAccessorImpl.invoke(Ljava/lang/Object;[Ljava/lang/Object;)Ljava/lang/Object;+6
j  java.lang.reflect.Method.invoke(Ljava/lang/Object;[Ljava/lang/Object;)Ljava/lang/Object;+161
j  com.springsource.loaded.ri.ReflectiveInterceptor.jlrMethodInvoke(Ljava/lang/reflect/Method;Ljava/lang/Object;[Ljava/lang/Object;)Ljava/lang/Object;+1696
j  org.codehaus.groovy.reflection.CachedMethod.invoke(Ljava/lang/Object;[Ljava/lang/Object;)Ljava/lang/Object;+6
j  groovy.lang.MetaMethod.doMethodInvoke(Ljava/lang/Object;[Ljava/lang/Object;)Ljava/lang/Object;+9
j  groovy.lang.MetaClassImpl.invokeMethod(Ljava/lang/Class;Ljava/lang/Object;Ljava/lang/String;[Ljava/lang/Object;ZZ)Ljava/lang/Object;+1036
j  groovy.lang.ExpandoMetaClass.invokeMethod(Ljava/lang/Class;Ljava/lang/Object;Ljava/lang/String;[Ljava/lang/Object;ZZ)Ljava/lang/Object;+39
j  groovy.lang.MetaClassImpl.invokeMethod(Ljava/lang/Object;Ljava/lang/String;[Ljava/lang/Object;)Ljava/lang/Object;+10
j  groovy.lang.DelegatingMetaClass.invokeMethod(Ljava/lang/Object;Ljava/lang/String;[Ljava/lang/Object;)Ljava/lang/Object;+7
j  org.codehaus.gant.GantMetaClass.invokeMethod(Ljava/lang/Object;Ljava/lang/String;[Ljava/lang/Object;)Ljava/lang/Object;+111
j  groovy.lang.Closure.call([Ljava/lang/Object;)Ljava/lang/Object;+8
j  groovy.lang.Closure.call(Ljava/lang/Object;)Ljava/lang/Object;+9
v  ~StubRoutines::call_stub
j  sun.reflect.NativeMethodAccessorImpl.invoke0(Ljava/lang/reflect/Method;Ljava/lang/Object;[Ljava/lang/Object;)Ljava/lang/Object;+0
j  sun.reflect.NativeMethodAccessorImpl.invoke(Ljava/lang/Object;[Ljava/lang/Object;)Ljava/lang/Object;+87
j  sun.reflect.DelegatingMethodAccessorImpl.invoke(Ljava/lang/Object;[Ljava/lang/Object;)Ljava/lang/Object;+6
j  java.lang.reflect.Method.invoke(Ljava/lang/Object;[Ljava/lang/Object;)Ljava/lang/Object;+161
j  com.springsource.loaded.ri.ReflectiveInterceptor.jlrMethodInvoke(Ljava/lang/reflect/Method;Ljava/lang/Object;[Ljava/lang/Object;)Ljava/lang/Object;+1696
j  org.codehaus.groovy.reflection.CachedMethod.invoke(Ljava/lang/Object;[Ljava/lang/Object;)Ljava/lang/Object;+6
j  groovy.lang.MetaMethod.doMethodInvoke(Ljava/lang/Object;[Ljava/lang/Object;)Ljava/lang/Object;+9
j  groovy.lang.MetaClassImpl.invokeMethod(Ljava/lang/Class;Ljava/lang/Object;Ljava/lang/String;[Ljava/lang/Object;ZZ)Ljava/lang/Object;+1036
j  groovy.lang.ExpandoMetaClass.invokeMethod(Ljava/lang/Class;Ljava/lang/Object;Ljava/lang/String;[Ljava/lang/Object;ZZ)Ljava/lang/Object;+39
j  groovy.lang.MetaClassImpl.invokeMethod(Ljava/lang/Object;Ljava/lang/String;[Ljava/lang/Object;)Ljava/lang/Object;+10
j  groovy.lang.DelegatingMetaClass.invokeMethod(Ljava/lang/Object;Ljava/lang/String;[Ljava/lang/Object;)Ljava/lang/Object;+7
j  org.codehaus.gant.GantMetaClass.invokeMethod(Ljava/lang/Object;Ljava/lang/String;[Ljava/lang/Object;)Ljava/lang/Object;+111
j  org.codehaus.groovy.runtime.callsite.PogoMetaClassSite.call(Ljava/lang/Object;[Ljava/lang/Object;)Ljava/lang/Object;+18
j  org.codehaus.groovy.runtime.callsite.CallSiteArray.defaultCall(Lorg/codehaus/groovy/runtime/callsite/CallSite;Ljava/lang/Object;[Ljava/lang/Object;)Ljava/lang/Object;+8
j  org.codehaus.groovy.runtime.callsite.PogoMetaClassSite.call(Ljava/lang/Object;[Ljava/lang/Object;)Ljava/lang/Object;+91
j  org.codehaus.groovy.runtime.callsite.AbstractCallSite.call(Ljava/lang/Object;Ljava/lang/Object;)Ljava/lang/Object;+6
j  org.codehaus.gant.GantBinding$_initializeGantBinding_closure5_closure16_closure18.doCall(Ljava/lang/Object;)Ljava/lang/Object;+22
v  ~StubRoutines::call_stub
j  sun.reflect.NativeMethodAccessorImpl.invoke0(Ljava/lang/reflect/Method;Ljava/lang/Object;[Ljava/lang/Object;)Ljava/lang/Object;+0
j  sun.reflect.NativeMethodAccessorImpl.invoke(Ljava/lang/Object;[Ljava/lang/Object;)Ljava/lang/Object;+87
j  sun.reflect.DelegatingMethodAccessorImpl.invoke(Ljava/lang/Object;[Ljava/lang/Object;)Ljava/lang/Object;+6
j  java.lang.reflect.Method.invoke(Ljava/lang/Object;[Ljava/lang/Object;)Ljava/lang/Object;+161
j  com.springsource.loaded.ri.ReflectiveInterceptor.jlrMethodInvoke(Ljava/lang/reflect/Method;Ljava/lang/Object;[Ljava/lang/Object;)Ljava/lang/Object;+1696
j  org.codehaus.groovy.runtime.callsite.PogoMetaMethodSite$PogoCachedMethodSite.invoke(Ljava/lang/Object;[Ljava/lang/Object;)Ljava/lang/Object;+19
j  org.codehaus.groovy.runtime.callsite.PogoMetaMethodSite.callCurrent(Lgroovy/lang/GroovyObject;[Ljava/lang/Object;)Ljava/lang/Object;+12
j  org.codehaus.groovy.runtime.callsite.AbstractCallSite.callCurrent(Lgroovy/lang/GroovyObject;Ljava/lang/Object;)Ljava/lang/Object;+6
j  org.codehaus.gant.GantBinding$_initializeGantBinding_closure5_closure16_closure18.doCall()Ljava/lang/Object;+16
v  ~StubRoutines::call_stub
j  sun.reflect.NativeMethodAccessorImpl.invoke0(Ljava/lang/reflect/Method;Ljava/lang/Object;[Ljava/lang/Object;)Ljava/lang/Object;+0
j  sun.reflect.NativeMethodAccessorImpl.invoke(Ljava/lang/Object;[Ljava/lang/Object;)Ljava/lang/Object;+87
j  sun.reflect.DelegatingMethodAccessorImpl.invoke(Ljava/lang/Object;[Ljava/lang/Object;)Ljava/lang/Object;+6
j  java.lang.reflect.Method.invoke(Ljava/lang/Object;[Ljava/lang/Object;)Ljava/lang/Object;+161
j  com.springsource.loaded.ri.ReflectiveInterceptor.jlrMethodInvoke(Ljava/lang/reflect/Method;Ljava/lang/Object;[Ljava/lang/Object;)Ljava/lang/Object;+1696
j  org.codehaus.groovy.reflection.CachedMethod.invoke(Ljava/lang/Object;[Ljava/lang/Object;)Ljava/lang/Object;+6
j  groovy.lang.MetaMethod.doMethodInvoke(Ljava/lang/Object;[Ljava/lang/Object;)Ljava/lang/Object;+9
j  groovy.lang.MetaClassImpl.invokeMethod(Ljava/lang/Class;Ljava/lang/Object;Ljava/lang/String;[Ljava/lang/Object;ZZ)Ljava/lang/Object;+1036
j  groovy.lang.ExpandoMetaClass.invokeMethod(Ljava/lang/Class;Ljava/lang/Object;Ljava/lang/String;[Ljava/lang/Object;ZZ)Ljava/lang/Object;+39
j  groovy.lang.MetaClassImpl.invokeMethod(Ljava/lang/Object;Ljava/lang/String;[Ljava/lang/Object;)Ljava/lang/Object;+10
j  groovy.lang.Closure.call([Ljava/lang/Object;)Ljava/lang/Object;+8
j  groovy.lang.Closure.call()Ljava/lang/Object;+6
j  java_util_concurrent_Callable$call.call(Ljava/lang/Object;)Ljava/lang/Object;+12
j  org.codehaus.gant.GantBinding.withTargetEvent(Ljava/lang/Object;Ljava/lang/Object;Lgroovy/lang/Closure;)Ljava/lang/Object;+157
j  org.codehaus.gant.GantBinding.this$4$withTargetEvent(Ljava/lang/Object;Ljava/lang/Object;Lgroovy/lang/Closure;)Ljava/lang/Object;+4
v  ~StubRoutines::call_stub
j  sun.reflect.NativeMethodAccessorImpl.invoke0(Ljava/lang/reflect/Method;Ljava/lang/Object;[Ljava/lang/Object;)Ljava/lang/Object;+0
j  sun.reflect.NativeMethodAccessorImpl.invoke(Ljava/lang/Object;[Ljava/lang/Object;)Ljava/lang/Object;+87
j  sun.reflect.DelegatingMethodAccessorImpl.invoke(Ljava/lang/Object;[Ljava/lang/Object;)Ljava/lang/Object;+6
j  java.lang.reflect.Method.invoke(Ljava/lang/Object;[Ljava/lang/Object;)Ljava/lang/Object;+161
j  com.springsource.loaded.ri.ReflectiveInterceptor.jlrMethodInvoke(Ljava/lang/reflect/Method;Ljava/lang/Object;[Ljava/lang/Object;)Ljava/lang/Object;+1696
j  org.codehaus.groovy.reflection.CachedMethod.invoke(Ljava/lang/Object;[Ljava/lang/Object;)Ljava/lang/Object;+6
j  groovy.lang.MetaMethod.doMethodInvoke(Ljava/lang/Object;[Ljava/lang/Object;)Ljava/lang/Object;+9
j  groovy.lang.MetaClassImpl.invokeMethod(Ljava/lang/Class;Ljava/lang/Object;Ljava/lang/String;[Ljava/lang/Object;ZZ)Ljava/lang/Object;+1036
j  groovy.lang.ExpandoMetaClass.invokeMethod(Ljava/lang/Class;Ljava/lang/Object;Ljava/lang/String;[Ljava/lang/Object;ZZ)Ljava/lang/Object;+39
j  groovy.lang.MetaClassImpl.invokeMethod(Ljava/lang/Object;Ljava/lang/String;[Ljava/lang/Object;)Ljava/lang/Object;+10
j  groovy.lang.MetaClassImpl.invokeMethod(Ljava/lang/Class;Ljava/lang/Object;Ljava/lang/String;[Ljava/lang/Object;ZZ)Ljava/lang/Object;+759
j  groovy.lang.ExpandoMetaClass.invokeMethod(Ljava/lang/Class;Ljava/lang/Object;Ljava/lang/String;[Ljava/lang/Object;ZZ)Ljava/lang/Object;+39
j  groovy.lang.MetaClassImpl.invokeMethod(Ljava/lang/Object;Ljava/lang/String;[Ljava/lang/Object;)Ljava/lang/Object;+10
j  groovy.lang.MetaClassImpl.invokeMethod(Ljava/lang/Object;Ljava/lang/String;Ljava/lang/Object;)Ljava/lang/Object;+56
j  groovy.lang.GroovyObjectSupport.invokeMethod(Ljava/lang/String;Ljava/lang/Object;)Ljava/lang/Object;+7
j  groovy.lang.MetaClassImpl.invokeMethodOnGroovyObject(Ljava/lang/String;[Ljava/lang/Object;Ljava/lang/Object;)Ljava/lang/Object;+10
j  groovy.lang.MetaClassImpl.invokeMethod(Ljava/lang/Class;Ljava/lang/Object;Ljava/lang/String;[Ljava/lang/Object;ZZ)Ljava/lang/Object;+853
j  groovy.lang.ExpandoMetaClass.invokeMethod(Ljava/lang/Class;Ljava/lang/Object;Ljava/lang/String;[Ljava/lang/Object;ZZ)Ljava/lang/Object;+39
j  groovy.lang.MetaClassImpl.invokeMethod(Ljava/lang/Object;Ljava/lang/String;[Ljava/lang/Object;)Ljava/lang/Object;+10
j  org.codehaus.groovy.runtime.callsite.PogoMetaClassSite.callCurrent(Lgroovy/lang/GroovyObject;[Ljava/lang/Object;)Ljava/lang/Object;+18
j  org.codehaus.groovy.runtime.callsite.AbstractCallSite.callCurrent(Lgroovy/lang/GroovyObject;Ljava/lang/Object;Ljava/lang/Object;Ljava/lang/Object;)Ljava/lang/Object;+9
j  org.codehaus.gant.GantBinding$_initializeGantBinding_closure5_closure16.doCall(Ljava/lang/Object;)Ljava/lang/Object;+157
v  ~StubRoutines::call_stub
j  sun.reflect.NativeMethodAccessorImpl.invoke0(Ljava/lang/reflect/Method;Ljava/lang/Object;[Ljava/lang/Object;)Ljava/lang/Object;+0
j  sun.reflect.NativeMethodAccessorImpl.invoke(Ljava/lang/Object;[Ljava/lang/Object;)Ljava/lang/Object;+87
j  sun.reflect.DelegatingMethodAccessorImpl.invoke(Ljava/lang/Object;[Ljava/lang/Object;)Ljava/lang/Object;+6
j  java.lang.reflect.Method.invoke(Ljava/lang/Object;[Ljava/lang/Object;)Ljava/lang/Object;+161
j  com.springsource.loaded.ri.ReflectiveInterceptor.jlrMethodInvoke(Ljava/lang/reflect/Method;Ljava/lang/Object;[Ljava/lang/Object;)Ljava/lang/Object;+1696
j  org.codehaus.groovy.runtime.callsite.PogoMetaMethodSite$PogoCachedMethodSite.invoke(Ljava/lang/Object;[Ljava/lang/Object;)Ljava/lang/Object;+19
j  org.codehaus.groovy.runtime.callsite.PogoMetaMethodSite.callCurrent(Lgroovy/lang/GroovyObject;[Ljava/lang/Object;)Ljava/lang/Object;+12
j  org.codehaus.groovy.runtime.callsite.AbstractCallSite.callCurrent(Lgroovy/lang/GroovyObject;Ljava/lang/Object;)Ljava/lang/Object;+6
j  org.codehaus.gant.GantBinding$_initializeGantBinding_closure5_closure16.doCall()Ljava/lang/Object;+16
v  ~StubRoutines::call_stub
j  sun.reflect.NativeMethodAccessorImpl.invoke0(Ljava/lang/reflect/Method;Ljava/lang/Object;[Ljava/lang/Object;)Ljava/lang/Object;+0
j  sun.reflect.NativeMethodAccessorImpl.invoke(Ljava/lang/Object;[Ljava/lang/Object;)Ljava/lang/Object;+87
j  sun.reflect.DelegatingMethodAccessorImpl.invoke(Ljava/lang/Object;[Ljava/lang/Object;)Ljava/lang/Object;+6
j  java.lang.reflect.Method.invoke(Ljava/lang/Object;[Ljava/lang/Object;)Ljava/lang/Object;+161
j  com.springsource.loaded.ri.ReflectiveInterceptor.jlrMethodInvoke(Ljava/lang/reflect/Method;Ljava/lang/Object;[Ljava/lang/Object;)Ljava/lang/Object;+1696
j  org.codehaus.groovy.reflection.CachedMethod.invoke(Ljava/lang/Object;[Ljava/lang/Object;)Ljava/lang/Object;+6
j  groovy.lang.MetaMethod.doMethodInvoke(Ljava/lang/Object;[Ljava/lang/Object;)Ljava/lang/Object;+9
j  groovy.lang.MetaClassImpl.invokeMethod(Ljava/lang/Class;Ljava/lang/Object;Ljava/lang/String;[Ljava/lang/Object;ZZ)Ljava/lang/Object;+1036
j  groovy.lang.ExpandoMetaClass.invokeMethod(Ljava/lang/Class;Ljava/lang/Object;Ljava/lang/String;[Ljava/lang/Object;ZZ)Ljava/lang/Object;+39
j  groovy.lang.MetaClassImpl.invokeMethod(Ljava/lang/Object;Ljava/lang/String;[Ljava/lang/Object;)Ljava/lang/Object;+10
j  groovy.lang.Closure.call([Ljava/lang/Object;)Ljava/lang/Object;+8
j  groovy.lang.Closure.call()Ljava/lang/Object;+6
j  java_util_concurrent_Callable$call.call(Ljava/lang/Object;[Ljava/lang/Object;)Ljava/lang/Object;+13
j  org.codehaus.groovy.runtime.callsite.CallSiteArray.defaultCall(Lorg/codehaus/groovy/runtime/callsite/CallSite;Ljava/lang/Object;[Ljava/lang/Object;)Ljava/lang/Object;+8
j  org.codehaus.groovy.runtime.callsite.AbstractCallSite.call(Ljava/lang/Object;[Ljava/lang/Object;)Ljava/lang/Object;+3
j  org.codehaus.groovy.runtime.callsite.AbstractCallSite.call(Ljava/lang/Object;)Ljava/lang/Object;+5
j  gant.Gant$_dispatch_closure5.doCall(Ljava/lang/Object;)Ljava/lang/Object;+69
v  ~StubRoutines::call_stub
j  sun.reflect.NativeMethodAccessorImpl.invoke0(Ljava/lang/reflect/Method;Ljava/lang/Object;[Ljava/lang/Object;)Ljava/lang/Object;+0
j  sun.reflect.NativeMethodAccessorImpl.invoke(Ljava/lang/Object;[Ljava/lang/Object;)Ljava/lang/Object;+87
j  sun.reflect.DelegatingMethodAccessorImpl.invoke(Ljava/lang/Object;[Ljava/lang/Object;)Ljava/lang/Object;+6
j  java.lang.reflect.Method.invoke(Ljava/lang/Object;[Ljava/lang/Object;)Ljava/lang/Object;+161
j  com.springsource.loaded.ri.ReflectiveInterceptor.jlrMethodInvoke(Ljava/lang/reflect/Method;Ljava/lang/Object;[Ljava/lang/Object;)Ljava/lang/Object;+1696
j  org.codehaus.groovy.reflection.CachedMethod.invoke(Ljava/lang/Object;[Ljava/lang/Object;)Ljava/lang/Object;+6
j  groovy.lang.MetaMethod.doMethodInvoke(Ljava/lang/Object;[Ljava/lang/Object;)Ljava/lang/Object;+9
j  groovy.lang.MetaClassImpl.invokeMethod(Ljava/lang/Class;Ljava/lang/Object;Ljava/lang/String;[Ljava/lang/Object;ZZ)Ljava/lang/Object;+1036
j  groovy.lang.ExpandoMetaClass.invokeMethod(Ljava/lang/Class;Ljava/lang/Object;Ljava/lang/String;[Ljava/lang/Object;ZZ)Ljava/lang/Object;+39
j  groovy.lang.MetaClassImpl.invokeMethod(Ljava/lang/Object;Ljava/lang/String;[Ljava/lang/Object;)Ljava/lang/Object;+10
j  groovy.lang.Closure.call([Ljava/lang/Object;)Ljava/lang/Object;+8
j  groovy.lang.Closure.call(Ljava/lang/Object;)Ljava/lang/Object;+9
j  groovy.lang.Closure$call.call(Ljava/lang/Object;[Ljava/lang/Object;)Ljava/lang/Object;+16
j  org.codehaus.groovy.runtime.callsite.CallSiteArray.defaultCall(Lorg/codehaus/groovy/runtime/callsite/CallSite;Ljava/lang/Object;[Ljava/lang/Object;)Ljava/lang/Object;+8
j  org.codehaus.groovy.runtime.callsite.AbstractCallSite.call(Ljava/lang/Object;[Ljava/lang/Object;)Ljava/lang/Object;+3
j  org.codehaus.groovy.runtime.callsite.AbstractCallSite.call(Ljava/lang/Object;Ljava/lang/Object;)Ljava/lang/Object;+6
j  gant.Gant$_dispatch_closure7.doCall(Ljava/lang/Object;)Ljava/lang/Object;+22
v  ~StubRoutines::call_stub
j  sun.reflect.NativeMethodAccessorImpl.invoke0(Ljava/lang/reflect/Method;Ljava/lang/Object;[Ljava/lang/Object;)Ljava/lang/Object;+0
j  sun.reflect.NativeMethodAccessorImpl.invoke(Ljava/lang/Object;[Ljava/lang/Object;)Ljava/lang/Object;+87
j  sun.reflect.DelegatingMethodAccessorImpl.invoke(Ljava/lang/Object;[Ljava/lang/Object;)Ljava/lang/Object;+6
j  java.lang.reflect.Method.invoke(Ljava/lang/Object;[Ljava/lang/Object;)Ljava/lang/Object;+161
j  com.springsource.loaded.ri.ReflectiveInterceptor.jlrMethodInvoke(Ljava/lang/reflect/Method;Ljava/lang/Object;[Ljava/lang/Object;)Ljava/lang/Object;+1696
j  org.codehaus.groovy.runtime.callsite.PogoMetaMethodSite$PogoCachedMethodSite.invoke(Ljava/lang/Object;[Ljava/lang/Object;)Ljava/lang/Object;+19
j  org.codehaus.groovy.runtime.callsite.PogoMetaMethodSite.callCurrent(Lgroovy/lang/GroovyObject;[Ljava/lang/Object;)Ljava/lang/Object;+12
j  org.codehaus.groovy.runtime.callsite.CallSiteArray.defaultCallCurrent(Lorg/codehaus/groovy/runtime/callsite/CallSite;Lgroovy/lang/GroovyObject;[Ljava/lang/Object;)Ljava/lang/Object;+17
j  org.codehaus.groovy.runtime.callsite.AbstractCallSite.callCurrent(Lgroovy/lang/GroovyObject;[Ljava/lang/Object;)Ljava/lang/Object;+3
j  org.codehaus.groovy.runtime.callsite.AbstractCallSite.callCurrent(Lgroovy/lang/GroovyObject;Ljava/lang/Object;)Ljava/lang/Object;+6
j  gant.Gant$_dispatch_closure7.doCall()Ljava/lang/Object;+16
v  ~StubRoutines::call_stub
j  sun.reflect.NativeMethodAccessorImpl.invoke0(Ljava/lang/reflect/Method;Ljava/lang/Object;[Ljava/lang/Object;)Ljava/lang/Object;+0
j  sun.reflect.NativeMethodAccessorImpl.invoke(Ljava/lang/Object;[Ljava/lang/Object;)Ljava/lang/Object;+87
j  sun.reflect.DelegatingMethodAccessorImpl.invoke(Ljava/lang/Object;[Ljava/lang/Object;)Ljava/lang/Object;+6
j  java.lang.reflect.Method.invoke(Ljava/lang/Object;[Ljava/lang/Object;)Ljava/lang/Object;+161
j  com.springsource.loaded.ri.ReflectiveInterceptor.jlrMethodInvoke(Ljava/lang/reflect/Method;Ljava/lang/Object;[Ljava/lang/Object;)Ljava/lang/Object;+1696
j  org.codehaus.groovy.reflection.CachedMethod.invoke(Ljava/lang/Object;[Ljava/lang/Object;)Ljava/lang/Object;+6
j  groovy.lang.MetaMethod.doMethodInvoke(Ljava/lang/Object;[Ljava/lang/Object;)Ljava/lang/Object;+9
j  groovy.lang.MetaClassImpl.invokeMethod(Ljava/lang/Class;Ljava/lang/Object;Ljava/lang/String;[Ljava/lang/Object;ZZ)Ljava/lang/Object;+1036
j  groovy.lang.ExpandoMetaClass.invokeMethod(Ljava/lang/Class;Ljava/lang/Object;Ljava/lang/String;[Ljava/lang/Object;ZZ)Ljava/lang/Object;+39
j  groovy.lang.MetaClassImpl.invokeMethod(Ljava/lang/Object;Ljava/lang/String;[Ljava/lang/Object;)Ljava/lang/Object;+10
j  groovy.lang.Closure.call([Ljava/lang/Object;)Ljava/lang/Object;+8
j  groovy.lang.Closure.call()Ljava/lang/Object;+6
j  java_util_concurrent_Callable$call.call(Ljava/lang/Object;[Ljava/lang/Object;)Ljava/lang/Object;+13
j  org.codehaus.groovy.runtime.callsite.CallSiteArray.defaultCall(Lorg/codehaus/groovy/runtime/callsite/CallSite;Ljava/lang/Object;[Ljava/lang/Object;)Ljava/lang/Object;+8
j  org.codehaus.groovy.runtime.callsite.AbstractCallSite.call(Ljava/lang/Object;[Ljava/lang/Object;)Ljava/lang/Object;+3
j  org.codehaus.groovy.runtime.callsite.AbstractCallSite.call(Ljava/lang/Object;)Ljava/lang/Object;+5
j  gant.Gant.withBuildListeners(Lgroovy/lang/Closure;)Ljava/lang/Object;+125
j  gant.Gant.this$2$withBuildListeners(Lgroovy/lang/Closure;)Ljava/lang/Object;+2
j  gant.Gant$this$2$withBuildListeners.callCurrent(Lgroovy/lang/GroovyObject;[Ljava/lang/Object;)Ljava/lang/Object;+19
j  org.codehaus.groovy.runtime.callsite.CallSiteArray.defaultCallCurrent(Lorg/codehaus/groovy/runtime/callsite/CallSite;Lgroovy/lang/GroovyObject;[Ljava/lang/Object;)Ljava/lang/Object;+17
j  org.codehaus.groovy.runtime.callsite.AbstractCallSite.callCurrent(Lgroovy/lang/GroovyObject;[Ljava/lang/Object;)Ljava/lang/Object;+3
j  org.codehaus.groovy.runtime.callsite.AbstractCallSite.callCurrent(Lgroovy/lang/GroovyObject;Ljava/lang/Object;)Ljava/lang/Object;+6
j  gant.Gant.dispatch(Ljava/util/List;)Ljava/lang/Integer;+337
j  gant.Gant.this$2$dispatch(Ljava/util/List;)Ljava/lang/Integer;+2
v  ~StubRoutines::call_stub
j  sun.reflect.NativeMethodAccessorImpl.invoke0(Ljava/lang/reflect/Method;Ljava/lang/Object;[Ljava/lang/Object;)Ljava/lang/Object;+0
j  sun.reflect.NativeMethodAccessorImpl.invoke(Ljava/lang/Object;[Ljava/lang/Object;)Ljava/lang/Object;+87
j  sun.reflect.DelegatingMethodAccessorImpl.invoke(Ljava/lang/Object;[Ljava/lang/Object;)Ljava/lang/Object;+6
j  java.lang.reflect.Method.invoke(Ljava/lang/Object;[Ljava/lang/Object;)Ljava/lang/Object;+161
j  com.springsource.loaded.ri.ReflectiveInterceptor.jlrMethodInvoke(Ljava/lang/reflect/Method;Ljava/lang/Object;[Ljava/lang/Object;)Ljava/lang/Object;+1696
j  org.codehaus.groovy.reflection.CachedMethod.invoke(Ljava/lang/Object;[Ljava/lang/Object;)Ljava/lang/Object;+6
j  groovy.lang.MetaMethod.doMethodInvoke(Ljava/lang/Object;[Ljava/lang/Object;)Ljava/lang/Object;+9
j  groovy.lang.MetaClassImpl.invokeMethod(Ljava/lang/Class;Ljava/lang/Object;Ljava/lang/String;[Ljava/lang/Object;ZZ)Ljava/lang/Object;+1036
j  groovy.lang.ExpandoMetaClass.invokeMethod(Ljava/lang/Class;Ljava/lang/Object;Ljava/lang/String;[Ljava/lang/Object;ZZ)Ljava/lang/Object;+39
j  groovy.lang.MetaClassImpl.invokeMethod(Ljava/lang/Object;Ljava/lang/String;[Ljava/lang/Object;)Ljava/lang/Object;+10
j  groovy.lang.MetaClassImpl.invokeMethod(Ljava/lang/Object;Ljava/lang/String;Ljava/lang/Object;)Ljava/lang/Object;+71
j  gant.Gant.invokeMethod(Ljava/lang/String;Ljava/lang/Object;)Ljava/lang/Object;+7
j  groovy.lang.GroovyObject$invokeMethod.callCurrent(Lgroovy/lang/GroovyObject;[Ljava/lang/Object;)Ljava/lang/Object;+22
j  org.codehaus.groovy.runtime.callsite.CallSiteArray.defaultCallCurrent(Lorg/codehaus/groovy/runtime/callsite/CallSite;Lgroovy/lang/GroovyObject;[Ljava/lang/Object;)Ljava/lang/Object;+17
j  org.codehaus.groovy.runtime.callsite.AbstractCallSite.callCurrent(Lgroovy/lang/GroovyObject;[Ljava/lang/Object;)Ljava/lang/Object;+3
j  org.codehaus.groovy.runtime.callsite.AbstractCallSite.callCurrent(Lgroovy/lang/GroovyObject;Ljava/lang/Object;Ljava/lang/Object;)Ljava/lang/Object;+7
j  gant.Gant.executeTargets(Ljava/lang/String;Ljava/util/List;)Ljava/lang/Integer;+12
v  ~StubRoutines::call_stub
j  sun.reflect.NativeMethodAccessorImpl.invoke0(Ljava/lang/reflect/Method;Ljava/lang/Object;[Ljava/lang/Object;)Ljava/lang/Object;+0
j  sun.reflect.NativeMethodAccessorImpl.invoke(Ljava/lang/Object;[Ljava/lang/Object;)Ljava/lang/Object;+87
j  sun.reflect.DelegatingMethodAccessorImpl.invoke(Ljava/lang/Object;[Ljava/lang/Object;)Ljava/lang/Object;+6
j  java.lang.reflect.Method.invoke(Ljava/lang/Object;[Ljava/lang/Object;)Ljava/lang/Object;+161
j  com.springsource.loaded.ri.ReflectiveInterceptor.jlrMethodInvoke(Ljava/lang/reflect/Method;Ljava/lang/Object;[Ljava/lang/Object;)Ljava/lang/Object;+1696
j  org.codehaus.groovy.runtime.callsite.PogoMetaMethodSite$PogoCachedMethodSite.invoke(Ljava/lang/Object;[Ljava/lang/Object;)Ljava/lang/Object;+19
j  org.codehaus.groovy.runtime.callsite.PogoMetaMethodSite.callCurrent(Lgroovy/lang/GroovyObject;[Ljava/lang/Object;)Ljava/lang/Object;+12
j  org.codehaus.groovy.runtime.callsite.CallSiteArray.defaultCallCurrent(Lorg/codehaus/groovy/runtime/callsite/CallSite;Lgroovy/lang/GroovyObject;[Ljava/lang/Object;)Ljava/lang/Object;+17
j  org.codehaus.groovy.runtime.callsite.AbstractCallSite.callCurrent(Lgroovy/lang/GroovyObject;[Ljava/lang/Object;)Ljava/lang/Object;+3
j  org.codehaus.groovy.runtime.callsite.AbstractCallSite.callCurrent(Lgroovy/lang/GroovyObject;Ljava/lang/Object;Ljava/lang/Object;)Ljava/lang/Object;+7
j  gant.Gant.executeTargets()Ljava/lang/Integer;+32
j  org.codehaus.groovy.grails.cli.GrailsScriptRunner.executeWithGantInstance(Lgant/Gant;Lgroovy/lang/Closure;)I+16
j  org.codehaus.groovy.grails.cli.GrailsScriptRunner.callPluginOrGrailsScript(Ljava/lang/String;Ljava/lang/String;)I+928
j  org.codehaus.groovy.grails.cli.GrailsScriptRunner.executeCommand(Ljava/lang/String;Ljava/lang/String;Ljava/lang/String;)I+328
j  org.codehaus.groovy.grails.cli.GrailsScriptRunner.main([Ljava/lang/String;)V+331
v  ~StubRoutines::call_stub
j  sun.reflect.NativeMethodAccessorImpl.invoke0(Ljava/lang/reflect/Method;Ljava/lang/Object;[Ljava/lang/Object;)Ljava/lang/Object;+0
j  sun.reflect.NativeMethodAccessorImpl.invoke(Ljava/lang/Object;[Ljava/lang/Object;)Ljava/lang/Object;+87
j  sun.reflect.DelegatingMethodAccessorImpl.invoke(Ljava/lang/Object;[Ljava/lang/Object;)Ljava/lang/Object;+6
j  java.lang.reflect.Method.invoke(Ljava/lang/Object;[Ljava/lang/Object;)Ljava/lang/Object;+161
j  com.springsource.loaded.ri.ReflectiveInterceptor.jlrMethodInvoke(Ljava/lang/reflect/Method;Ljava/lang/Object;[Ljava/lang/Object;)Ljava/lang/Object;+1696
j  org.codehaus.groovy.grails.cli.support.GrailsStarter.rootLoader([Ljava/lang/String;)V+1246
j  org.codehaus.groovy.grails.cli.support.GrailsStarter.main([Ljava/lang/String;)V+1
v  ~StubRoutines::call_stub

---------------  P R O C E S S  ---------------

Java Threads: ( => current thread )
  0x0bcfe400 JavaThread "Thread-53" daemon [_thread_blocked, id=3325, stack(0x8322c000,0x8327d000)]
  0x0be19400 JavaThread "org.hibernate.cache.StandardQueryCache.data" daemon [_thread_blocked, id=3324, stack(0x8327d000,0x832ce000)]
  0x0be18c00 JavaThread "org.hibernate.cache.UpdateTimestampsCache.data" daemon [_thread_blocked, id=3323, stack(0x832ce000,0x8331f000)]
  0x0aa01800 JavaThread "general.Rol.data" daemon [_thread_blocked, id=3313, stack(0x8331f000,0x83370000)]
  0x0b04cc00 JavaThread "net.sf.ehcache.CacheManager@212ecc" daemon [_thread_blocked, id=3312, stack(0x83370000,0x833c1000)]
  0x0bbc2000 JavaThread "Thread-51" daemon [_thread_blocked, id=3228, stack(0x833c1000,0x83412000)]
  0x858de800 JavaThread "Thread-50" daemon [_thread_blocked, id=3113, stack(0x83412000,0x83463000)]
  0x857dac00 JavaThread "Thread-49" daemon [_thread_blocked, id=3111, stack(0x83463000,0x834b4000)]
  0x0b803400 JavaThread "Thread-48" daemon [_thread_blocked, id=2864, stack(0x834b4000,0x83505000)]
  0x0b737c00 JavaThread "Thread-47" daemon [_thread_blocked, id=2863, stack(0x83505000,0x83556000)]
  0x0abc4800 JavaThread "Thread-46" daemon [_thread_blocked, id=2860, stack(0x83556000,0x835a7000)]
  0x0abc2400 JavaThread ""http-bio-localhost/127.0.0.1-8080"-exec-10" daemon [_thread_blocked, id=2858, stack(0x835a7000,0x835f8000)]
  0x0abc1000 JavaThread ""http-bio-localhost/127.0.0.1-8080"-exec-9" daemon [_thread_blocked, id=2857, stack(0x835f8000,0x83649000)]
  0x09cdd800 JavaThread ""http-bio-localhost/127.0.0.1-8080"-exec-6" daemon [_thread_blocked, id=2854, stack(0x836eb000,0x8373c000)]
  0x0ab7c000 JavaThread ""http-bio-localhost/127.0.0.1-8080"-exec-5" daemon [_thread_blocked, id=2853, stack(0x8373c000,0x8378d000)]
  0x0ab7bc00 JavaThread ""http-bio-localhost/127.0.0.1-8080"-exec-4" daemon [_thread_blocked, id=2852, stack(0x8378d000,0x837de000)]
  0x0ad50400 JavaThread "Thread-45" daemon [_thread_blocked, id=2849, stack(0x837de000,0x8382f000)]
  0x0ac08c00 JavaThread ""http-bio-localhost/127.0.0.1-8080"-exec-3" daemon [_thread_blocked, id=2848, stack(0x8382f000,0x83880000)]
  0x0ad50800 JavaThread ""http-bio-localhost/127.0.0.1-8080"-exec-2" daemon [_thread_blocked, id=2847, stack(0x83880000,0x838d1000)]
  0x0a89bc00 JavaThread "Thread-44" daemon [_thread_blocked, id=2843, stack(0x838d1000,0x83922000)]
  0x0b39a400 JavaThread "Thread-43" daemon [_thread_blocked, id=2842, stack(0x83922000,0x83973000)]
  0x0b396800 JavaThread "Thread-42" daemon [_thread_blocked, id=2841, stack(0x83973000,0x839c4000)]
  0x85abec00 JavaThread "Thread-41" daemon [_thread_blocked, id=2808, stack(0x83a15000,0x83a66000)]
  0x85abe400 JavaThread ""http-bio-localhost/127.0.0.1-8080"-AsyncTimeout" daemon [_thread_blocked, id=2807, stack(0x83a66000,0x83ab7000)]
  0x874b0c00 JavaThread ""http-bio-localhost/127.0.0.1-8080"-Acceptor-0" daemon [_thread_in_native, id=2806, stack(0x83ab7000,0x83b08000)]
  0x86c93000 JavaThread "ContainerBackgroundProcessor[StandardEngine[Tomcat]]" daemon [_thread_blocked, id=2805, stack(0x8450d000,0x8455e000)]
  0x874a7000 JavaThread "Thread-40" daemon [_thread_blocked, id=2804, stack(0x83b08000,0x83b59000)]
  0x874b1400 JavaThread "Thread-39" daemon [_thread_blocked, id=2803, stack(0x83b59000,0x83baa000)]
  0x874a6800 JavaThread "Thread-38" daemon [_thread_blocked, id=2802, stack(0x83baa000,0x83bfb000)]
  0x8609c400 JavaThread "Thread-36" daemon [_thread_blocked, id=2800, stack(0x83bfb000,0x83c4c000)]
  0x86bd4800 JavaThread "Thread-35" daemon [_thread_blocked, id=2799, stack(0x83cac000,0x83cfd000)]
  0x0b84f800 JavaThread "Thread-34" daemon [_thread_blocked, id=2792, stack(0x83cfd000,0x83d4e000)]
  0x0a5e3400 JavaThread "Thread-33" daemon [_thread_blocked, id=2791, stack(0x83d4e000,0x83d9f000)]
  0x09f7a800 JavaThread "Thread-32" daemon [_thread_blocked, id=2790, stack(0x83d9f000,0x83df0000)]
  0x09f79800 JavaThread "Thread-31" daemon [_thread_blocked, id=2789, stack(0x83e85000,0x83ed6000)]
  0x0ad42400 JavaThread "Thread-30" daemon [_thread_blocked, id=2788, stack(0x83ed6000,0x83f27000)]
  0x0a442400 JavaThread "Thread-29" daemon [_thread_blocked, id=2787, stack(0x83f27000,0x83f78000)]
  0x09d57800 JavaThread "Thread-28" daemon [_thread_blocked, id=2786, stack(0x83f78000,0x83fc9000)]
  0x09c3c800 JavaThread "Thread-27" daemon [_thread_blocked, id=2785, stack(0x83fc9000,0x8401a000)]
  0x0a441c00 JavaThread "Thread-26" daemon [_thread_blocked, id=2784, stack(0x8401a000,0x8406b000)]
  0x0a73c000 JavaThread "Thread-25" daemon [_thread_blocked, id=2783, stack(0x83c4c000,0x83c9d000)]
  0x0a8e4400 JavaThread "Thread-24" daemon [_thread_blocked, id=2782, stack(0x83df0000,0x83e41000)]
  0x0b695000 JavaThread "Thread-23" daemon [_thread_blocked, id=2781, stack(0x8406b000,0x840bc000)]
  0x0aebd000 JavaThread "Thread-22" daemon [_thread_blocked, id=2780, stack(0x840bc000,0x8410d000)]
  0x0a433000 JavaThread "Thread-21" daemon [_thread_blocked, id=2779, stack(0x8410d000,0x8415e000)]
  0x0ac03000 JavaThread "org.hibernate.cache.StandardQueryCache.data" daemon [_thread_blocked, id=2778, stack(0x8415e000,0x841af000)]
  0x0a6d9800 JavaThread "org.hibernate.cache.UpdateTimestampsCache.data" daemon [_thread_blocked, id=2777, stack(0x845af000,0x84600000)]
  0x0b991400 JavaThread "general.Rol.data" daemon [_thread_blocked, id=2756, stack(0x8455e000,0x845af000)]
  0x0b4ff400 JavaThread "net.sf.ehcache.CacheManager@eba477" daemon [_thread_blocked, id=2755, stack(0x8555e000,0x855af000)]
  0x869d9400 JavaThread "Thread-17" daemon [_thread_blocked, id=2721, stack(0x841af000,0x84200000)]
  0x858d1c00 JavaThread "Thread-16" daemon [_thread_blocked, id=2720, stack(0x855af000,0x85600000)]
  0x09b02400 JavaThread "Thread-9" daemon [_thread_blocked, id=2701, stack(0x85b1b000,0x85b6c000)]
  0x09b03000 JavaThread "Thread-8" daemon [_thread_blocked, id=2700, stack(0x85b6c000,0x85bbd000)]
  0x8593b400 JavaThread "pool-2-thread-1" [_thread_blocked, id=2690, stack(0x85bbd000,0x85c0e000)]
  0x85859800 JavaThread "Synchronizer (Spring UAA/1.0.1)" daemon [_thread_blocked, id=2689, stack(0x85c0e000,0x85c5f000)]
  0x866dec00 JavaThread "Timer-0" daemon [_thread_blocked, id=2687, stack(0x85c5f000,0x85cb0000)]
  0x09bb0c00 JavaThread "Low Memory Detector" daemon [_thread_blocked, id=2663, stack(0x86ecf000,0x86f20000)]
  0x09bb6800 JavaThread "CompilerThread1" daemon [_thread_blocked, id=2662, stack(0x86f20000,0x86fa1000)]
  0x09bb4800 JavaThread "CompilerThread0" daemon [_thread_blocked, id=2661, stack(0x86fa1000,0x87022000)]
  0x09b70800 JavaThread "Signal Dispatcher" daemon [_thread_blocked, id=2660, stack(0x8707a000,0x870cb000)]
  0x09b5e000 JavaThread "Finalizer" daemon [_thread_blocked, id=2659, stack(0x87111000,0x87162000)]
  0x09b5c800 JavaThread "Reference Handler" daemon [_thread_blocked, id=2658, stack(0x87162000,0x871b3000)]
=>0x09add000 JavaThread "main" [_thread_in_vm, id=2654, stack(0xb69ee000,0xb6a3f000)]

Other Threads:
  0x09b58c00 VMThread [stack: 0x871b3000,0x87234000] [id=2657]
  0x09bb2c00 WatcherThread [stack: 0x86e4e000,0x86ecf000] [id=2664]

VM state:synchronizing (normal execution)

VM Mutex/Monitor currently owned by a thread:  ([mutex/lock_event])
[0x09adaf90] Threads_lock - owner thread: 0x09b58c00
[0x09adb3a0] Heap_lock - owner thread: 0x09b02400

Heap
 PSYoungGen      total 121536K, used 2105K [0xa8df0000, 0xb04c0000, 0xb3890000)
  eden space 121408K, 1% used [0xa8df0000,0xa8ffe6e8,0xb0480000)
  from space 128K, 0% used [0xb04a0000,0xb04a0000,0xb04c0000)
  to   space 128K, 0% used [0xb0480000,0xb0480000,0xb04a0000)
 PSOldGen        total 349568K, used 165684K [0x93890000, 0xa8df0000, 0xa8df0000)
  object space 349568K, 47% used [0x93890000,0x9da5d3d8,0xa8df0000)
 PSPermGen       total 196608K, used 196607K [0x87890000, 0x93890000, 0x93890000)
  object space 196608K, 99% used [0x87890000,0x9388fde0,0x93890000)

Dynamic libraries:
08048000-08052000 r-xp 00000000 08:01 789381     /usr/lib/jvm/java-6-sun-1.6.0.24/jre/bin/java
08052000-08053000 rwxp 00009000 08:01 789381     /usr/lib/jvm/java-6-sun-1.6.0.24/jre/bin/java
09ad6000-0c2dd000 rwxp 00000000 00:00 0          [heap]
8322c000-8322f000 ---p 00000000 00:00 0 
8322f000-8327d000 rwxp 00000000 00:00 0 
8327d000-83280000 ---p 00000000 00:00 0 
83280000-832ce000 rwxp 00000000 00:00 0 
832ce000-832d1000 ---p 00000000 00:00 0 
832d1000-8331f000 rwxp 00000000 00:00 0 
8331f000-83322000 ---p 00000000 00:00 0 
83322000-83370000 rwxp 00000000 00:00 0 
83370000-83373000 ---p 00000000 00:00 0 
83373000-833c1000 rwxp 00000000 00:00 0 
833c1000-833c4000 ---p 00000000 00:00 0 
833c4000-83412000 rwxp 00000000 00:00 0 
83412000-83415000 ---p 00000000 00:00 0 
83415000-83463000 rwxp 00000000 00:00 0 
83463000-83466000 ---p 00000000 00:00 0 
83466000-834b4000 rwxp 00000000 00:00 0 
834b4000-834b7000 ---p 00000000 00:00 0 
834b7000-83505000 rwxp 00000000 00:00 0 
83505000-83508000 ---p 00000000 00:00 0 
83508000-83556000 rwxp 00000000 00:00 0 
83556000-83559000 ---p 00000000 00:00 0 
83559000-835a7000 rwxp 00000000 00:00 0 
835a7000-835aa000 ---p 00000000 00:00 0 
835aa000-835f8000 rwxp 00000000 00:00 0 
835f8000-835fb000 ---p 00000000 00:00 0 
835fb000-83649000 rwxp 00000000 00:00 0 
83649000-8364c000 ---p 00000000 00:00 0 
8364c000-8369a000 rwxp 00000000 00:00 0 
8369a000-8369d000 ---p 00000000 00:00 0 
8369d000-836eb000 rwxp 00000000 00:00 0 
836eb000-836ee000 ---p 00000000 00:00 0 
836ee000-8373c000 rwxp 00000000 00:00 0 
8373c000-8373f000 ---p 00000000 00:00 0 
8373f000-8378d000 rwxp 00000000 00:00 0 
8378d000-83790000 ---p 00000000 00:00 0 
83790000-837de000 rwxp 00000000 00:00 0 
837de000-837e1000 ---p 00000000 00:00 0 
837e1000-8382f000 rwxp 00000000 00:00 0 
8382f000-83832000 ---p 00000000 00:00 0 
83832000-83880000 rwxp 00000000 00:00 0 
83880000-83883000 ---p 00000000 00:00 0 
83883000-838d1000 rwxp 00000000 00:00 0 
838d1000-838d4000 ---p 00000000 00:00 0 
838d4000-83922000 rwxp 00000000 00:00 0 
83922000-83925000 ---p 00000000 00:00 0 
83925000-83973000 rwxp 00000000 00:00 0 
83973000-83976000 ---p 00000000 00:00 0 
83976000-839c4000 rwxp 00000000 00:00 0 
839c4000-839c7000 ---p 00000000 00:00 0 
839c7000-83a15000 rwxp 00000000 00:00 0 
83a15000-83a18000 ---p 00000000 00:00 0 
83a18000-83a66000 rwxp 00000000 00:00 0 
83a66000-83a69000 ---p 00000000 00:00 0 
83a69000-83ab7000 rwxp 00000000 00:00 0 
83ab7000-83aba000 ---p 00000000 00:00 0 
83aba000-83b08000 rwxp 00000000 00:00 0 
83b08000-83b0b000 ---p 00000000 00:00 0 
83b0b000-83b59000 rwxp 00000000 00:00 0 
83b59000-83b5c000 ---p 00000000 00:00 0 
83b5c000-83baa000 rwxp 00000000 00:00 0 
83baa000-83bad000 ---p 00000000 00:00 0 
83bad000-83bfb000 rwxp 00000000 00:00 0 
83bfb000-83bfe000 ---p 00000000 00:00 0 
83bfe000-83c4c000 rwxp 00000000 00:00 0 
83c4c000-83c4f000 ---p 00000000 00:00 0 
83c4f000-83c9d000 rwxp 00000000 00:00 0 
83cac000-83caf000 ---p 00000000 00:00 0 
83caf000-83cfd000 rwxp 00000000 00:00 0 
83cfd000-83d00000 ---p 00000000 00:00 0 
83d00000-83d4e000 rwxp 00000000 00:00 0 
83d4e000-83d51000 ---p 00000000 00:00 0 
83d51000-83d9f000 rwxp 00000000 00:00 0 
83d9f000-83da2000 ---p 00000000 00:00 0 
83da2000-83df0000 rwxp 00000000 00:00 0 
83df0000-83df3000 ---p 00000000 00:00 0 
83df3000-83e41000 rwxp 00000000 00:00 0 
83e85000-83e88000 ---p 00000000 00:00 0 
83e88000-83ed6000 rwxp 00000000 00:00 0 
83ed6000-83ed9000 ---p 00000000 00:00 0 
83ed9000-83f27000 rwxp 00000000 00:00 0 
83f27000-83f2a000 ---p 00000000 00:00 0 
83f2a000-83f78000 rwxp 00000000 00:00 0 
83f78000-83f7b000 ---p 00000000 00:00 0 
83f7b000-83fc9000 rwxp 00000000 00:00 0 
83fc9000-83fcc000 ---p 00000000 00:00 0 
83fcc000-8401a000 rwxp 00000000 00:00 0 
8401a000-8401d000 ---p 00000000 00:00 0 
8401d000-8406b000 rwxp 00000000 00:00 0 
8406b000-8406e000 ---p 00000000 00:00 0 
8406e000-840bc000 rwxp 00000000 00:00 0 
840bc000-840bf000 ---p 00000000 00:00 0 
840bf000-8410d000 rwxp 00000000 00:00 0 
8410d000-84110000 ---p 00000000 00:00 0 
84110000-8415e000 rwxp 00000000 00:00 0 
8415e000-84161000 ---p 00000000 00:00 0 
84161000-841af000 rwxp 00000000 00:00 0 
841af000-841b2000 ---p 00000000 00:00 0 
841b2000-84200000 rwxp 00000000 00:00 0 
84200000-842f9000 rwxp 00000000 00:00 0 
842f9000-84300000 ---p 00000000 00:00 0 
84300000-843fe000 rwxp 00000000 00:00 0 
843fe000-84400000 ---p 00000000 00:00 0 
84400000-844f0000 rwxp 00000000 00:00 0 
844f0000-84500000 ---p 00000000 00:00 0 
8450d000-84510000 ---p 00000000 00:00 0 
84510000-8455e000 rwxp 00000000 00:00 0 
8455e000-84561000 ---p 00000000 00:00 0 
84561000-845af000 rwxp 00000000 00:00 0 
845af000-845b2000 ---p 00000000 00:00 0 
845b2000-84600000 rwxp 00000000 00:00 0 
84600000-846f9000 rwxp 00000000 00:00 0 
846f9000-84700000 ---p 00000000 00:00 0 
84700000-847e2000 rwxp 00000000 00:00 0 
847e2000-84800000 ---p 00000000 00:00 0 
84800000-848fe000 rwxp 00000000 00:00 0 
848fe000-84900000 ---p 00000000 00:00 0 
84900000-849fb000 rwxp 00000000 00:00 0 
849fb000-84a00000 ---p 00000000 00:00 0 
84a00000-84af0000 rwxp 00000000 00:00 0 
84af0000-84b00000 ---p 00000000 00:00 0 
84b00000-84bff000 rwxp 00000000 00:00 0 
84bff000-84c00000 ---p 00000000 00:00 0 
84c00000-84e00000 rwxp 00000000 00:00 0 
84e00000-85000000 rwxp 00000000 00:00 0 
85000000-85200000 rwxp 00000000 00:00 0 
85200000-85400000 rwxp 00000000 00:00 0 
85400000-85500000 rwxp 00000000 00:00 0 
85524000-85532000 r-xs 00679000 08:01 789319     /usr/lib/jvm/java-6-sun-1.6.0.24/jre/lib/charsets.jar
85532000-85542000 r-xp 00000000 08:01 15236      /lib/tls/i686/cmov/libresolv-2.11.1.so
85542000-85543000 r-xp 00010000 08:01 15236      /lib/tls/i686/cmov/libresolv-2.11.1.so
85543000-85544000 rwxp 00011000 08:01 15236      /lib/tls/i686/cmov/libresolv-2.11.1.so
85544000-85546000 rwxp 00000000 00:00 0 
85550000-8555e000 r-xs 00679000 08:01 789319     /usr/lib/jvm/java-6-sun-1.6.0.24/jre/lib/charsets.jar
8555e000-85561000 ---p 00000000 00:00 0 
85561000-855af000 rwxp 00000000 00:00 0 
855af000-855b2000 ---p 00000000 00:00 0 
855b2000-85600000 rwxp 00000000 00:00 0 
85600000-856ed000 rwxp 00000000 00:00 0 
856ed000-85700000 ---p 00000000 00:00 0 
85700000-857e4000 rwxp 00000000 00:00 0 
857e4000-85800000 ---p 00000000 00:00 0 
85800000-858fc000 rwxp 00000000 00:00 0 
858fc000-85900000 ---p 00000000 00:00 0 
85900000-859d8000 rwxp 00000000 00:00 0 
859d8000-85a00000 ---p 00000000 00:00 0 
85a00000-85afc000 rwxp 00000000 00:00 0 
85afc000-85b00000 ---p 00000000 00:00 0 
85b02000-85b08000 r-xp 00000000 08:01 789468     /usr/lib/jvm/java-6-sun-1.6.0.24/jre/lib/i386/libmanagement.so
85b08000-85b09000 rwxp 00005000 08:01 789468     /usr/lib/jvm/java-6-sun-1.6.0.24/jre/lib/i386/libmanagement.so
85b09000-85b0d000 r-xp 00000000 08:01 1440       /lib/tls/i686/cmov/libnss_dns-2.11.1.so
85b0d000-85b0e000 r-xp 00004000 08:01 1440       /lib/tls/i686/cmov/libnss_dns-2.11.1.so
85b0e000-85b0f000 rwxp 00005000 08:01 1440       /lib/tls/i686/cmov/libnss_dns-2.11.1.so
85b0f000-85b11000 r-xp 00000000 08:01 2340       /lib/libnss_mdns4_minimal.so.2
85b11000-85b12000 r-xp 00001000 08:01 2340       /lib/libnss_mdns4_minimal.so.2
85b12000-85b13000 rwxp 00002000 08:01 2340       /lib/libnss_mdns4_minimal.so.2
85b13000-85b1b000 r-xs 00115000 08:01 791920     /usr/lib/jvm/java-6-sun-1.6.0.24/jre/lib/resources.jar
85b1b000-85b1e000 ---p 00000000 00:00 0 
85b1e000-85b6c000 rwxp 00000000 00:00 0 
85b6c000-85b6f000 ---p 00000000 00:00 0 
85b6f000-85bbd000 rwxp 00000000 00:00 0 
85bbd000-85bc0000 ---p 00000000 00:00 0 
85bc0000-85c0e000 rwxp 00000000 00:00 0 
85c0e000-85c11000 ---p 00000000 00:00 0 
85c11000-85c5f000 rwxp 00000000 00:00 0 
85c5f000-85c62000 ---p 00000000 00:00 0 
85c62000-85cb0000 rwxp 00000000 00:00 0 
85cb0000-85cb3000 r-xs 0002a000 08:06 3409244    /home/mitzimon/.ivy2/cache/org.grails/grails-test/jars/grails-test-1.4.0.M1.jar
85cb3000-85cb9000 r-xs 0005f000 08:06 3670342    /home/mitzimon/.ivy2/cache/org.grails/grails-plugin-testing/jars/grails-plugin-testing-1.4.0.M1.jar
85cb9000-85cbf000 r-xs 00034000 08:06 3412798    /home/mitzimon/.ivy2/cache/junit/junit/jars/junit-4.8.1.jar
85cbf000-85cc1000 r-xs 00001000 08:06 3802714    /home/mitzimon/.ivy2/cache/org.hibernate/hibernate-ehcache/jars/hibernate-ehcache-3.6.1.Final.jar
85cc1000-85cc9000 r-xs 0008e000 08:06 3802099    /home/mitzimon/.ivy2/cache/javassist/javassist/jars/javassist-3.11.0.GA.jar
85cc9000-85cd0000 r-xs 00034000 08:06 3802909    /home/mitzimon/.ivy2/cache/org.springframework.security/org.springframework.security.web/jars/org.springframework.security.web-3.0.4.RELEASE.jar
85cd0000-85cda000 r-xs 00042000 08:06 3802907    /home/mitzimon/.ivy2/cache/org.springframework.security/org.springframework.security.core/jars/org.springframework.security.core-3.0.4.RELEASE.jar
85cda000-85cdc000 r-xs 00003000 08:06 4720352    /home/mitzimon/.ivy2/cache/net.sf.opencsv/opencsv/jars/opencsv-2.1.jar
85cdc000-85ce2000 r-xs 0007e000 08:06 3408384    /home/mitzimon/.ivy2/cache/postgresql/postgresql/jars/postgresql-9.0-801.jdbc4.jar
85ce2000-85cea000 r-xs 000b9000 08:06 3670340    /home/mitzimon/.ivy2/cache/mysql/mysql-connector-java/jars/mysql-connector-java-5.1.16.jar
85cea000-85cec000 r-xs 00000000 08:06 3409243    /home/mitzimon/.ivy2/cache/org.slf4j/jul-to-slf4j/jars/jul-to-slf4j-1.6.1.jar
85cec000-85cee000 r-xs 00003000 08:06 3409242    /home/mitzimon/.ivy2/cache/org.slf4j/jcl-over-slf4j/jars/jcl-over-slf4j-1.6.1.jar
85cee000-85cf7000 r-xs 0006d000 08:06 3408382    /home/mitzimon/.ivy2/cache/log4j/log4j/jars/log4j-1.2.16.jar
85cf7000-85d04000 r-xs 00096000 08:06 3409241    /home/mitzimon/.ivy2/cache/net.sf.ehcache/ehcache-core/jars/ehcache-core-2.3.1.jar
85d04000-85d06000 r-xs 00005000 08:06 3409240    /home/mitzimon/.ivy2/cache/xpp3/xpp3_min/jars/xpp3_min-1.1.4c.jar
85d06000-85d08000 r-xs 00004000 08:06 3412778    /home/mitzimon/.ivy2/cache/javax.servlet/jstl/jars/jstl-1.1.2.jar
85d08000-85d12000 r-xs 00120000 08:06 3670338    /home/mitzimon/.ivy2/cache/com.h2database/h2/jars/h2-1.2.147.jar
85d12000-85d15000 r-xs 00016000 08:06 3408381    /home/mitzimon/.ivy2/cache/commons-pool/commons-pool/jars/commons-pool-1.5.5.jar
85d15000-85d18000 r-xs 00022000 08:06 3408380    /home/mitzimon/.ivy2/cache/commons-dbcp/commons-dbcp/jars/commons-dbcp-1.3.jar
85d18000-85d1a000 r-xs 0000e000 08:06 3412776    /home/mitzimon/.ivy2/cache/oro/oro/jars/oro-2.0.8.jar
85d1a000-85d1d000 r-xs 0000c000 08:06 3412774    /home/mitzimon/.ivy2/cache/commons-fileupload/commons-fileupload/jars/commons-fileupload-1.2.1.jar
85d1d000-85d24000 r-xs 00049000 08:06 3412772    /home/mitzimon/.ivy2/cache/cglib/cglib-nodep/jars/cglib-nodep-2.1_3.jar
85d24000-85d28000 r-xs 00019000 08:06 3409239    /home/mitzimon/.ivy2/cache/org.aspectj/aspectjrt/jars/aspectjrt-1.6.10.jar
85d28000-85d3e000 r-xs 00184000 08:06 3409238    /home/mitzimon/.ivy2/cache/org.aspectj/aspectjweaver/jars/aspectjweaver-1.6.10.jar
85d3e000-85d41000 r-xs 00009000 08:06 3802713    /home/mitzimon/.ivy2/cache/javax.validation/validation-api/jars/validation-api-1.0.0.GA.jar
85d41000-85d48000 r-xs 00040000 08:06 3409253    /home/mitzimon/.ivy2/cache/org.hibernate/hibernate-validator/jars/hibernate-validator-4.1.0.Final.jar
85d48000-85d4d000 r-xs 00014000 08:06 3802711    /home/mitzimon/.ivy2/cache/org.hibernate.javax.persistence/hibernate-jpa-2.0-api/jars/hibernate-jpa-2.0-api-1.0.0.Final.jar
85d4d000-85d50000 r-xs 0000f000 08:06 3802709    /home/mitzimon/.ivy2/cache/org.hibernate/hibernate-commons-annotations/jars/hibernate-commons-annotations-3.2.0.Final.jar
85d50000-85d55000 r-xs 00048000 08:06 3802103    /home/mitzimon/.ivy2/cache/dom4j/dom4j/jars/dom4j-1.6.1.jar
85d55000-85d5b000 r-xs 00067000 08:06 3802101    /home/mitzimon/.ivy2/cache/antlr/antlr/jars/antlr-2.7.6.jar
85d5b000-85d8d000 r-xs 002c5000 08:06 3802708    /home/mitzimon/.ivy2/cache/org.hibernate/hibernate-core/jars/hibernate-core-3.6.1.Final.jar
85d8d000-85d90000 r-xs 00021000 08:06 3670336    /home/mitzimon/.ivy2/cache/org.springframework/spring-datastore-simple/jars/spring-datastore-simple-1.0.0.M6.jar
85d90000-85d98000 r-xs 0002e000 08:06 3670334    /home/mitzimon/.ivy2/cache/org.springframework/spring-datastore-core/jars/spring-datastore-core-1.0.0.M6.jar
85d98000-85da2000 r-xs 00062000 08:06 3670332    /home/mitzimon/.ivy2/cache/org.springframework/spring-webmvc/jars/spring-webmvc-3.1.0.M1.jar
85da2000-85dac000 r-xs 0005d000 08:06 3670330    /home/mitzimon/.ivy2/cache/org.springframework/spring-web/jars/spring-web-3.1.0.M1.jar
85dac000-85db4000 r-xs 00034000 08:06 3670328    /home/mitzimon/.ivy2/cache/org.springframework/spring-tx/jars/spring-tx-3.1.0.M1.jar
85db4000-85dbd000 r-xs 0004b000 08:06 3670326    /home/mitzimon/.ivy2/cache/org.springframework/spring-orm/jars/spring-orm-3.1.0.M1.jar
85dbd000-85dc2000 r-xs 0002b000 08:06 3670324    /home/mitzimon/.ivy2/cache/org.springframework/spring-jms/jars/spring-jms-3.1.0.M1.jar
85dc2000-85dcc000 r-xs 00057000 08:06 3670322    /home/mitzimon/.ivy2/cache/org.springframework/spring-jdbc/jars/spring-jdbc-3.1.0.M1.jar
85dcc000-85dd0000 r-xs 00027000 08:06 3670320    /home/mitzimon/.ivy2/cache/org.springframework/spring-expression/jars/spring-expression-3.1.0.M1.jar
85dd0000-85dd3000 r-xs 00015000 08:06 3670318    /home/mitzimon/.ivy2/cache/org.springframework/spring-context-support/jars/spring-context-support-3.1.0.M1.jar
85dd3000-85de8000 r-xs 000ae000 08:06 3670316    /home/mitzimon/.ivy2/cache/org.springframework/spring-context/jars/spring-context-3.1.0.M1.jar
85de8000-85df4000 r-xs 00082000 08:06 3670314    /home/mitzimon/.ivy2/cache/org.springframework/spring-beans/jars/spring-beans-3.1.0.M1.jar
85df4000-85df5000 r-xs 0000c000 08:06 3670312    /home/mitzimon/.ivy2/cache/org.springframework/spring-asm/jars/spring-asm-3.1.0.M1.jar
85df5000-85df7000 r-xs 0000a000 08:06 3670310    /home/mitzimon/.ivy2/cache/org.springframework/spring-aspects/jars/spring-aspects-3.1.0.M1.jar
85df7000-85e00000 r-xs 00048000 08:06 3670308    /home/mitzimon/.ivy2/cache/org.springframework/spring-aop/jars/spring-aop-3.1.0.M1.jar
85e00000-85efd000 rwxp 00000000 00:00 0 
85efd000-85f00000 ---p 00000000 00:00 0 
85f02000-85f05000 r-xs 00027000 08:01 789356     /usr/lib/jvm/java-6-sun-1.6.0.24/jre/lib/ext/sunjce_provider.jar
85f05000-85f0f000 r-xs 0005b000 08:06 3670306    /home/mitzimon/.ivy2/cache/org.springframework/spring-core/jars/spring-core-3.1.0.M1.jar
85f0f000-85f10000 r-xs 00006000 08:06 3670304    /home/mitzimon/.ivy2/cache/org.grails/grails-plugin-validation/jars/grails-plugin-validation-1.4.0.M1.jar
85f10000-85f12000 r-xs 0001c000 08:06 3670302    /home/mitzimon/.ivy2/cache/org.grails/grails-plugin-url-mappings/jars/grails-plugin-url-mappings-1.4.0.M1.jar
85f12000-85f14000 r-xs 0000e000 08:06 3670300    /home/mitzimon/.ivy2/cache/org.grails/grails-plugin-mimetypes/jars/grails-plugin-mimetypes-1.4.0.M1.jar
85f14000-85f16000 r-xs 00005000 08:06 3670298    /home/mitzimon/.ivy2/cache/org.grails/grails-plugin-servlets/jars/grails-plugin-servlets-1.4.0.M1.jar
85f16000-85f17000 r-xs 00008000 08:06 3670296    /home/mitzimon/.ivy2/cache/org.grails/grails-plugin-services/jars/grails-plugin-services-1.4.0.M1.jar
85f17000-85f19000 r-xs 00005000 08:06 3670294    /home/mitzimon/.ivy2/cache/org.grails/grails-plugin-scaffolding/jars/grails-plugin-scaffolding-1.4.0.M1.jar
85f19000-85f1b000 r-xs 0000a000 08:06 3670292    /home/mitzimon/.ivy2/cache/org.grails/grails-plugin-logging/jars/grails-plugin-logging-1.4.0.M1.jar
85f1b000-85f1c000 r-xs 00004000 08:06 3670290    /home/mitzimon/.ivy2/cache/org.grails/grails-plugin-i18n/jars/grails-plugin-i18n-1.4.0.M1.jar
85f1c000-85f23000 r-xs 00068000 08:06 3670288    /home/mitzimon/.ivy2/cache/org.grails/grails-plugin-gsp/jars/grails-plugin-gsp-1.4.0.M1.jar
85f23000-85f25000 r-xs 0000e000 08:06 3670286    /home/mitzimon/.ivy2/cache/org.grails/grails-plugin-filters/jars/grails-plugin-filters-1.4.0.M1.jar
85f25000-85f26000 r-xs 00008000 08:06 3670284    /home/mitzimon/.ivy2/cache/org.grails/grails-plugin-datasource/jars/grails-plugin-datasource-1.4.0.M1.jar
85f26000-85f2a000 r-xs 00024000 08:06 3670282    /home/mitzimon/.ivy2/cache/org.grails/grails-plugin-converters/jars/grails-plugin-converters-1.4.0.M1.jar
85f2a000-85f2d000 r-xs 00019000 08:06 3670280    /home/mitzimon/.ivy2/cache/org.grails/grails-plugin-domain-class/jars/grails-plugin-domain-class-1.4.0.M1.jar
85f2d000-85f31000 r-xs 00027000 08:06 3670278    /home/mitzimon/.ivy2/cache/org.grails/grails-plugin-controllers/jars/grails-plugin-controllers-1.4.0.M1.jar
85f31000-85f33000 r-xs 00015000 08:06 3670276    /home/mitzimon/.ivy2/cache/org.grails/grails-plugin-codecs/jars/grails-plugin-codecs-1.4.0.M1.jar
85f33000-85f37000 r-xs 0003a000 08:06 3670274    /home/mitzimon/.ivy2/cache/org.grails/grails-datastore-gorm/jars/grails-datastore-gorm-1.0.0.M6.jar
85f37000-85f39000 r-xs 00009000 08:06 3409237    /home/mitzimon/.ivy2/cache/org.grails/grails-spring/jars/grails-spring-1.4.0.M1.jar
85f39000-85f42000 r-xs 00074000 08:06 3670272    /home/mitzimon/.ivy2/cache/org.grails/grails-hibernate/jars/grails-hibernate-1.4.0.M1.jar
85f42000-85f44000 r-xs 00009000 08:06 3409236    /home/mitzimon/.ivy2/cache/org.grails/grails-crud/jars/grails-crud-1.4.0.M1.jar
85f44000-85f4a000 r-xs 00027000 08:06 3412728    /home/mitzimon/.ivy2/cache/opensymphony/sitemesh/jars/sitemesh-2.4.jar
85f4a000-85f4f000 r-xs 00014000 08:06 3670270    /home/mitzimon/.ivy2/cache/org.hibernate.java-persistence/jpa-api/jars/jpa-api-2.0-cr-1.jar
85f4f000-85f51000 r-xs 00002000 08:06 3412724    /home/mitzimon/.ivy2/cache/javax.transaction/jta/jars/jta-1.1.jar
85f51000-85f55000 r-xs 0003c000 08:06 3412722    /home/mitzimon/.ivy2/cache/commons-lang/commons-lang/jars/commons-lang-2.4.jar
85f55000-85f58000 r-xs 00018000 08:06 3412720    /home/mitzimon/.ivy2/cache/commons-io/commons-io/jars/commons-io-1.4.jar
85f58000-85f66000 r-xs 0007f000 08:06 3412718    /home/mitzimon/.ivy2/cache/commons-collections/commons-collections/jars/commons-collections-3.2.1.jar
85f66000-85f68000 r-xs 0000d000 08:06 3408360    /home/mitzimon/.ivy2/cache/commons-codec/commons-codec/jars/commons-codec-1.4.jar
85f68000-85f6a000 r-xs 00000000 08:06 3412714    /home/mitzimon/.ivy2/cache/aopalliance/aopalliance/jars/aopalliance-1.0.jar
85f6a000-85f71000 r-xs 0005a000 08:06 3412485    /home/mitzimon/.ivy2/cache/org.codehaus.gpars/gpars/jars/gpars-0.9.jar
85f71000-85f78000 r-xs 0004c000 08:06 3670268    /home/mitzimon/.ivy2/cache/org.coconut.forkjoin/jsr166y/jars/jsr166y-070108.jar
85f78000-85f7b000 r-xs 0001f000 08:06 3412712    /home/mitzimon/.ivy2/cache/commons-validator/commons-validator/jars/commons-validator-1.3.1.jar
85f7b000-85f7e000 r-xs 00019000 08:06 3412710    /home/mitzimon/.ivy2/cache/commons-el/commons-el/jars/commons-el-1.0.jar
85f7e000-85fd6000 r-xs 00557000 08:06 3409235    /home/mitzimon/.ivy2/cache/org.codehaus.groovy/groovy-all/jars/groovy-all-1.8.0.jar
85fd6000-85fe1000 r-xs 000b4000 08:06 3670125    /home/mitzimon/.ivy2/cache/org.apache.tomcat.embed/tomcat-embed-jasper/jars/tomcat-embed-jasper-7.0.8.jar
85fe1000-86000000 r-xs 0022a000 08:06 3670123    /home/mitzimon/.ivy2/cache/org.apache.tomcat.embed/tomcat-embed-core/jars/tomcat-embed-core-7.0.8.jar
86000000-860fd000 rwxp 00000000 00:00 0 
860fd000-86100000 ---p 00000000 00:00 0 
86100000-861fa000 rwxp 00000000 00:00 0 
861fa000-86200000 ---p 00000000 00:00 0 
86200000-862ee000 rwxp 00000000 00:00 0 
862ee000-86300000 ---p 00000000 00:00 0 
86300000-863f7000 rwxp 00000000 00:00 0 
863f7000-86400000 ---p 00000000 00:00 0 
86400000-864eb000 rwxp 00000000 00:00 0 
864eb000-86500000 ---p 00000000 00:00 0 
86500000-865ff000 rwxp 00000000 00:00 0 
865ff000-86600000 ---p 00000000 00:00 0 
86600000-866ff000 rwxp 00000000 00:00 0 
866ff000-86700000 ---p 00000000 00:00 0 
86700000-86800000 rwxp 00000000 00:00 0 
86800000-868ff000 rwxp 00000000 00:00 0 
868ff000-86900000 ---p 00000000 00:00 0 
86900000-869f9000 rwxp 00000000 00:00 0 
869f9000-86a00000 ---p 00000000 00:00 0 
86a00000-86afd000 rwxp 00000000 00:00 0 
86afd000-86b00000 ---p 00000000 00:00 0 
86b00000-86bf1000 rwxp 00000000 00:00 0 
86bf1000-86c00000 ---p 00000000 00:00 0 
86c00000-86cff000 rwxp 00000000 00:00 0 
86cff000-86d00000 ---p 00000000 00:00 0 
86d02000-86d07000 r-xs 00034000 08:06 3412708    /home/mitzimon/.ivy2/cache/commons-beanutils/commons-beanutils/jars/commons-beanutils-1.8.0.jar
86d07000-86d19000 r-xs 001f2000 08:06 263844     /home/mitzimon/grails/mateo/lib/ojdbc6.jar
86d19000-86d1b000 r-xs 0000b000 08:06 3802580    /home/mitzimon/.ivy2/cache/org.grails/grails-plugin-tomcat/jars/grails-plugin-tomcat-1.4.0.M1.jar
86d1b000-86d1d000 r-xs 00012000 08:06 3670127    /home/mitzimon/.ivy2/cache/org.apache.tomcat.embed/tomcat-embed-logging-log4j/jars/tomcat-embed-logging-log4j-7.0.8.jar
86d1d000-86d1f000 r-xs 0000c000 08:06 3802578    /home/mitzimon/.ivy2/cache/org.apache.tomcat/tomcat-catalina-ant/jars/tomcat-catalina-ant-7.0.8.jar
86d1f000-86d21000 r-xs 00009000 08:06 3409205    /home/mitzimon/.ivy2/cache/com.googlecode.concurrentlinkedhashmap/concurrentlinkedhashmap-lru/jars/concurrentlinkedhashmap-lru-1.1_jdk5.jar
86d21000-86d26000 r-xs 0002f000 08:06 3670104    /home/mitzimon/.ivy2/cache/org.springframework/spring-test/jars/spring-test-3.1.0.M1.jar
86d26000-86d27000 r-xs 00002000 08:06 3409204    /home/mitzimon/.ivy2/cache/org.slf4j/slf4j-log4j12/jars/slf4j-log4j12-1.6.1.jar
86d27000-86d29000 r-xs 00005000 08:06 3409203    /home/mitzimon/.ivy2/cache/org.slf4j/slf4j-api/jars/slf4j-api-1.6.1.jar
86d29000-86d34000 r-xs 00098000 08:06 3409202    /home/mitzimon/.ivy2/cache/org.grails/grails-web/jars/grails-web-1.4.0.M1.jar
86d34000-86d3a000 r-xs 00046000 08:06 3409201    /home/mitzimon/.ivy2/cache/org.grails/grails-resources/jars/grails-resources-1.4.0.M1.jar
86d3a000-86d46000 r-xs 0008d000 08:06 3409200    /home/mitzimon/.ivy2/cache/org.grails/grails-core/jars/grails-core-1.4.0.M1.jar
86d46000-86d51000 r-xs 000f9000 08:06 3409199    /home/mitzimon/.ivy2/cache/org.grails/grails-scripts/jars/grails-scripts-1.4.0.M1.jar
86d51000-86d58000 r-xs 00064000 08:06 3409198    /home/mitzimon/.ivy2/cache/org.grails/grails-bootstrap/jars/grails-bootstrap-1.4.0.M1.jar
86d58000-86d5b000 r-xs 00032000 08:06 3409197    /home/mitzimon/.ivy2/cache/org.grails/grails-docs/jars/grails-docs-1.4.0.M1.jar
86d5b000-86d5e000 r-xs 00041000 08:06 3412503    /home/mitzimon/.ivy2/cache/xalan/serializer/jars/serializer-2.7.1.jar
86d5e000-86d60000 r-xs 00008000 08:06 3412501    /home/mitzimon/.ivy2/cache/org.fusesource.jansi/jansi/jars/jansi-1.2.1.jar
86d60000-86d62000 r-xs 00014000 08:06 3412499    /home/mitzimon/.ivy2/cache/jline/jline/jars/jline-0.9.94.jar
86d62000-86d63000 r-xs 00001000 08:06 3412497    /home/mitzimon/.ivy2/cache/org.apache.ant/ant-trax/jars/ant-trax-1.7.1.jar
86d63000-86d81000 r-xs 001bb000 08:06 3409194    /home/mitzimon/.ivy2/cache/org.apache.ant/ant/jars/ant-1.8.2.jar
86d81000-86d97000 r-xs 001b0000 08:06 3409193    /home/mitzimon/.ivy2/cache/org.tmatesoft.svnkit/svnkit/jars/svnkit-1.3.4.jar
86d97000-86dbc000 r-xs 00172000 08:06 3670102    /home/mitzimon/.ivy2/cache/org.bouncycastle/bcprov-jdk15/jars/bcprov-jdk15-1.45.jar
86dbc000-86dd0000 r-xp 00000000 08:01 789480     /usr/lib/jvm/java-6-sun-1.6.0.24/jre/lib/i386/libnet.so
86dd0000-86dd1000 rwxp 00013000 08:01 789480     /usr/lib/jvm/java-6-sun-1.6.0.24/jre/lib/i386/libnet.so
86dd1000-86e30000 r-xs 00baa000 08:01 792178     /usr/lib/jvm/java-6-sun-1.6.0.24/lib/tools.jar
86e30000-86e4e000 r-xs 001bb000 08:01 796582     /opt/grails-1.4.0.M1/lib/org.apache.ant/ant/jars/ant-1.8.2.jar
86e4e000-86e4f000 ---p 00000000 00:00 0 
86e4f000-86ecf000 rwxp 00000000 00:00 0 
86ecf000-86ed2000 ---p 00000000 00:00 0 
86ed2000-86f20000 rwxp 00000000 00:00 0 
86f20000-86f23000 ---p 00000000 00:00 0 
86f23000-86fa1000 rwxp 00000000 00:00 0 
86fa1000-86fa4000 ---p 00000000 00:00 0 
86fa4000-87022000 rwxp 00000000 00:00 0 
87022000-8707a000 r-xs 00557000 08:01 796747     /opt/grails-1.4.0.M1/lib/org.codehaus.groovy/groovy-all/jars/groovy-all-1.8.0.jar
8707a000-8707d000 ---p 00000000 00:00 0 
8707d000-870cb000 rwxp 00000000 00:00 0 
870cb000-870d2000 r-xs 00000000 08:01 226977     /usr/lib/gconv/gconv-modules.cache
870d2000-87111000 r-xp 00000000 08:01 795669     /usr/lib/locale/en_US.utf8/LC_CTYPE
87111000-87114000 ---p 00000000 00:00 0 
87114000-87162000 rwxp 00000000 00:00 0 
87162000-87165000 ---p 00000000 00:00 0 
87165000-871b3000 rwxp 00000000 00:00 0 
871b3000-871b4000 ---p 00000000 00:00 0 
871b4000-87268000 rwxp 00000000 00:00 0 
87268000-87400000 r-xs 03027000 08:01 789622     /usr/lib/jvm/java-6-sun-1.6.0.24/jre/lib/rt.jar
87400000-874fb000 rwxp 00000000 00:00 0 
874fb000-87500000 ---p 00000000 00:00 0 
87500000-87505000 r-xs 00024000 08:06 3670100    /home/mitzimon/.ivy2/cache/org.bouncycastle/bcpg-jdk15/jars/bcpg-jdk15-1.45.jar
87505000-8750a000 r-xs 0004c000 08:06 3670096    /home/mitzimon/.ivy2/cache/com.google.protobuf/protobuf-java/jars/protobuf-java-2.3.0.jar
8750a000-8750c000 r-xs 00001000 08:01 789357     /usr/lib/jvm/java-6-sun-1.6.0.24/jre/lib/ext/dnsns.jar
8750c000-87513000 r-xs 00094000 08:01 788719     /usr/lib/jvm/java-6-sun-1.6.0.24/jre/lib/jsse.jar
87513000-87522000 r-xs 000d9000 08:01 796607     /opt/grails-1.4.0.M1/lib/org.apache.ivy/ivy/jars/ivy-2.2.0.jar
87522000-87523000 ---p 00000000 00:00 0 
87523000-875a3000 rwxp 00000000 00:00 0 
875a3000-875a4000 ---p 00000000 00:00 0 
875a4000-87684000 rwxp 00000000 00:00 0 
87684000-8772f000 rwxp 00000000 00:00 0 
8772f000-8778f000 rwxp 00000000 00:00 0 
8778f000-87839000 rwxp 00000000 00:00 0 
87839000-87876000 rwxp 00000000 00:00 0 
87876000-8788f000 ---p 00000000 00:00 0 
8788f000-93890000 rwxp 00000000 00:00 0 
93890000-a8df0000 rwxp 00000000 00:00 0 
a8df0000-b04c0000 rwxp 00000000 00:00 0 
b04c0000-b3890000 ---p 00000000 00:00 0 
b3890000-b3892000 r-xs 00017000 08:06 3409196    /home/mitzimon/.ivy2/cache/org.apache.ant/ant-junit/jars/ant-junit-1.8.2.jar
b3892000-b38b6000 rwxp 00000000 00:00 0 
b38b6000-b3952000 rwxp 00000000 00:00 0 
b3952000-b422a000 rwxp 00000000 00:00 0 
b422a000-b6952000 rwxp 00000000 00:00 0 
b6952000-b6961000 r-xp 00000000 08:01 789432     /usr/lib/jvm/java-6-sun-1.6.0.24/jre/lib/i386/libzip.so
b6961000-b6963000 rwxp 0000e000 08:01 789432     /usr/lib/jvm/java-6-sun-1.6.0.24/jre/lib/i386/libzip.so
b6963000-b696d000 r-xp 00000000 08:01 1443       /lib/tls/i686/cmov/libnss_files-2.11.1.so
b696d000-b696e000 r-xp 00009000 08:01 1443       /lib/tls/i686/cmov/libnss_files-2.11.1.so
b696e000-b696f000 rwxp 0000a000 08:01 1443       /lib/tls/i686/cmov/libnss_files-2.11.1.so
b696f000-b6977000 r-xp 00000000 08:01 1666       /lib/tls/i686/cmov/libnss_nis-2.11.1.so
b6977000-b6978000 r-xp 00007000 08:01 1666       /lib/tls/i686/cmov/libnss_nis-2.11.1.so
b6978000-b6979000 rwxp 00008000 08:01 1666       /lib/tls/i686/cmov/libnss_nis-2.11.1.so
b6979000-b697b000 r-xs 00002000 08:06 3409195    /home/mitzimon/.ivy2/cache/org.apache.ant/ant-launcher/jars/ant-launcher-1.8.2.jar
b697b000-b6982000 r-xs 00060000 08:01 796325     /opt/grails-1.4.0.M1/lib/com.springsource.springloaded/springloaded-core/jars/springloaded-core-0.8.0.RELEASE.jar
b6982000-b6989000 r-xs 00064000 08:01 797294     /opt/grails-1.4.0.M1/dist/grails-bootstrap-1.4.0.M1.jar
b6989000-b6991000 rwxs 00000000 08:01 262516     /tmp/hsperfdata_mitzimon/2645
b6991000-b69a4000 r-xp 00000000 08:01 1438       /lib/tls/i686/cmov/libnsl-2.11.1.so
b69a4000-b69a5000 r-xp 00012000 08:01 1438       /lib/tls/i686/cmov/libnsl-2.11.1.so
b69a5000-b69a6000 rwxp 00013000 08:01 1438       /lib/tls/i686/cmov/libnsl-2.11.1.so
b69a6000-b69a8000 rwxp 00000000 00:00 0 
b69a8000-b69a9000 r-xs 00003000 08:06 3670098    /home/mitzimon/.ivy2/cache/com.googlecode.json-simple/json-simple/jars/json-simple-1.1.jar
b69a9000-b69ae000 r-xs 0004f000 08:01 796733     /opt/grails-1.4.0.M1/lib/org.codehaus.gant/gant_groovy1.8/jars/gant_groovy1.8-1.9.5.jar
b69ae000-b69b4000 r-xp 00000000 08:01 1439       /lib/tls/i686/cmov/libnss_compat-2.11.1.so
b69b4000-b69b5000 r-xp 00006000 08:01 1439       /lib/tls/i686/cmov/libnss_compat-2.11.1.so
b69b5000-b69b6000 rwxp 00007000 08:01 1439       /lib/tls/i686/cmov/libnss_compat-2.11.1.so
b69b6000-b69bf000 r-xp 00000000 08:01 789470     /usr/lib/jvm/java-6-sun-1.6.0.24/jre/lib/i386/libinstrument.so
b69bf000-b69c0000 rwxp 00008000 08:01 789470     /usr/lib/jvm/java-6-sun-1.6.0.24/jre/lib/i386/libinstrument.so
b69c0000-b69e3000 r-xp 00000000 08:01 789427     /usr/lib/jvm/java-6-sun-1.6.0.24/jre/lib/i386/libjava.so
b69e3000-b69e5000 rwxp 00023000 08:01 789427     /usr/lib/jvm/java-6-sun-1.6.0.24/jre/lib/i386/libjava.so
b69e5000-b69ec000 r-xp 00000000 08:01 15240      /lib/tls/i686/cmov/librt-2.11.1.so
b69ec000-b69ed000 r-xp 00006000 08:01 15240      /lib/tls/i686/cmov/librt-2.11.1.so
b69ed000-b69ee000 rwxp 00007000 08:01 15240      /lib/tls/i686/cmov/librt-2.11.1.so
b69ee000-b69f1000 ---p 00000000 00:00 0 
b69f1000-b6a3f000 rwxp 00000000 00:00 0 
b6a3f000-b6a63000 r-xp 00000000 08:01 1436       /lib/tls/i686/cmov/libm-2.11.1.so
b6a63000-b6a64000 r-xp 00023000 08:01 1436       /lib/tls/i686/cmov/libm-2.11.1.so
b6a64000-b6a65000 rwxp 00024000 08:01 1436       /lib/tls/i686/cmov/libm-2.11.1.so
b6a65000-b71f2000 r-xp 00000000 08:01 789447     /usr/lib/jvm/java-6-sun-1.6.0.24/jre/lib/i386/server/libjvm.so
b71f2000-b7245000 rwxp 0078d000 08:01 789447     /usr/lib/jvm/java-6-sun-1.6.0.24/jre/lib/i386/server/libjvm.so
b7245000-b7664000 rwxp 00000000 00:00 0 
b7664000-b77b7000 r-xp 00000000 08:01 1432       /lib/tls/i686/cmov/libc-2.11.1.so
b77b7000-b77b8000 ---p 00153000 08:01 1432       /lib/tls/i686/cmov/libc-2.11.1.so
b77b8000-b77ba000 r-xp 00153000 08:01 1432       /lib/tls/i686/cmov/libc-2.11.1.so
b77ba000-b77bb000 rwxp 00155000 08:01 1432       /lib/tls/i686/cmov/libc-2.11.1.so
b77bb000-b77be000 rwxp 00000000 00:00 0 
b77be000-b77c0000 r-xp 00000000 08:01 1435       /lib/tls/i686/cmov/libdl-2.11.1.so
b77c0000-b77c1000 r-xp 00001000 08:01 1435       /lib/tls/i686/cmov/libdl-2.11.1.so
b77c1000-b77c2000 rwxp 00002000 08:01 1435       /lib/tls/i686/cmov/libdl-2.11.1.so
b77c2000-b77c9000 r-xp 00000000 08:01 789436     /usr/lib/jvm/java-6-sun-1.6.0.24/jre/lib/i386/jli/libjli.so
b77c9000-b77cb000 rwxp 00006000 08:01 789436     /usr/lib/jvm/java-6-sun-1.6.0.24/jre/lib/i386/jli/libjli.so
b77cb000-b77cc000 rwxp 00000000 00:00 0 
b77cc000-b77e1000 r-xp 00000000 08:01 15192      /lib/tls/i686/cmov/libpthread-2.11.1.so
b77e1000-b77e2000 r-xp 00014000 08:01 15192      /lib/tls/i686/cmov/libpthread-2.11.1.so
b77e2000-b77e3000 rwxp 00015000 08:01 15192      /lib/tls/i686/cmov/libpthread-2.11.1.so
b77e3000-b77e5000 rwxp 00000000 00:00 0 
b77e5000-b77e8000 r-xs 0001a000 08:06 3670094    /home/mitzimon/.ivy2/cache/org.springframework.uaa/org.springframework.uaa.client/bundles/org.springframework.uaa.client-1.0.1.RELEASE.jar
b77e8000-b77ee000 r-xp 00000000 08:01 789450     /usr/lib/jvm/java-6-sun-1.6.0.24/jre/lib/i386/native_threads/libhpi.so
b77ee000-b77ef000 rwxp 00006000 08:01 789450     /usr/lib/jvm/java-6-sun-1.6.0.24/jre/lib/i386/native_threads/libhpi.so
b77ef000-b77f0000 rwxp 00000000 00:00 0 
b77f0000-b77f1000 ---p 00000000 00:00 0 
b77f1000-b77fc000 r-xp 00000000 08:01 789461     /usr/lib/jvm/java-6-sun-1.6.0.24/jre/lib/i386/libverify.so
b77fc000-b77fd000 rwxp 0000b000 08:01 789461     /usr/lib/jvm/java-6-sun-1.6.0.24/jre/lib/i386/libverify.so
b77fd000-b77ff000 rwxp 00000000 00:00 0 
b77ff000-b7800000 r-xp 00000000 00:00 0          [vdso]
b7800000-b781b000 r-xp 00000000 08:01 5474       /lib/ld-2.11.1.so
b781b000-b781c000 r-xp 0001a000 08:01 5474       /lib/ld-2.11.1.so
b781c000-b781d000 rwxp 0001b000 08:01 5474       /lib/ld-2.11.1.so
bfd55000-bfd6a000 rwxp 00000000 00:00 0          [stack]

VM Arguments:
jvm_args: -Xmx512M -XX:MaxPermSize=192m -Dfile.encoding=UTF-8 -javaagent:/opt/grails-1.4.0.M1/lib/com.springsource.springloaded/springloaded-core/jars/springloaded-core-0.8.0.RELEASE.jar -Xverify:none -Dspringloaded=profile=grails -Dgrails.home=/opt/grails-1.4.0.M1 -Dtools.jar=/usr/lib/jvm/java-6-sun/lib/tools.jar 
java_command: org.codehaus.groovy.grails.cli.support.GrailsStarter --main org.codehaus.groovy.grails.cli.GrailsScriptRunner --conf /opt/grails-1.4.0.M1/conf/groovy-starter.conf --classpath   run-app
Launcher Type: SUN_STANDARD

Environment Variables:
JAVA_HOME=/usr/lib/jvm/java-6-sun
PATH=/home/mitzimon/bin:/usr/lib/jvm/java-6-sun/bin:/opt/groovy-1.7.10/bin:/opt/grails-1.4.0.M1/bin:/usr/local/sbin:/usr/local/bin:/usr/sbin:/usr/bin:/sbin:/bin:/usr/games
USERNAME=mitzimon
LD_LIBRARY_PATH=/usr/lib/jvm/java-6-sun-1.6.0.24/jre/lib/i386/server:/usr/lib/jvm/java-6-sun-1.6.0.24/jre/lib/i386:/usr/lib/jvm/java-6-sun-1.6.0.24/jre/../lib/i386
SHELL=/bin/bash
DISPLAY=:0.0

Signal Handlers:
SIGSEGV: [libjvm.so+0x708f80], sa_mask[0]=0x7ffbfeff, sa_flags=0x10000004
SIGBUS: [libjvm.so+0x708f80], sa_mask[0]=0x7ffbfeff, sa_flags=0x10000004
SIGFPE: [libjvm.so+0x5c4100], sa_mask[0]=0x7ffbfeff, sa_flags=0x10000004
SIGPIPE: [libjvm.so+0x5c4100], sa_mask[0]=0x7ffbfeff, sa_flags=0x10000004
SIGXFSZ: [libjvm.so+0x5c4100], sa_mask[0]=0x7ffbfeff, sa_flags=0x10000004
SIGILL: [libjvm.so+0x5c4100], sa_mask[0]=0x7ffbfeff, sa_flags=0x10000004
SIGUSR1: SIG_DFL, sa_mask[0]=0x00000000, sa_flags=0x00000000
SIGUSR2: [libjvm.so+0x5c70e0], sa_mask[0]=0x00000000, sa_flags=0x10000004
SIGHUP: [libjvm.so+0x5c6cc0], sa_mask[0]=0x7ffbfeff, sa_flags=0x10000004
SIGINT: [libjvm.so+0x5c6cc0], sa_mask[0]=0x7ffbfeff, sa_flags=0x10000004
SIGTERM: [libjvm.so+0x5c6cc0], sa_mask[0]=0x7ffbfeff, sa_flags=0x10000004
SIGQUIT: [libjvm.so+0x5c6cc0], sa_mask[0]=0x7ffbfeff, sa_flags=0x10000004


---------------  S Y S T E M  ---------------

OS:squeeze/sid

uname:Linux 2.6.32-33-generic #72-Ubuntu SMP Fri Jul 29 21:08:37 UTC 2011 i686
libc:glibc 2.11.1 NPTL 2.11.1 
rlimit: STACK 8192k, CORE 0k, NPROC infinity, NOFILE 1024, AS infinity
load average:2.69 2.41 1.78

/proc/meminfo:
MemTotal:        3055700 kB
MemFree:          552712 kB
Buffers:           14172 kB
Cached:           658592 kB
SwapCached:          308 kB
Active:          1500552 kB
Inactive:         918596 kB
Active(anon):    1287936 kB
Inactive(anon):   618444 kB
Active(file):     212616 kB
Inactive(file):   300152 kB
Unevictable:           0 kB
Mlocked:               0 kB
HighTotal:       2194700 kB
HighFree:         296588 kB
LowTotal:         861000 kB
LowFree:          256124 kB
SwapTotal:       5855652 kB
SwapFree:        5854080 kB
Dirty:               380 kB
Writeback:             0 kB
AnonPages:       1746416 kB
Mapped:           133972 kB
Shmem:            159908 kB
Slab:              37584 kB
SReclaimable:      22880 kB
SUnreclaim:        14704 kB
KernelStack:        3664 kB
PageTables:        10244 kB
NFS_Unstable:          0 kB
Bounce:                0 kB
WritebackTmp:          0 kB
CommitLimit:     7383500 kB
Committed_AS:    3625652 kB
VmallocTotal:     122880 kB
VmallocUsed:       36780 kB
VmallocChunk:      54984 kB
HardwareCorrupted:     0 kB
HugePages_Total:       0
HugePages_Free:        0
HugePages_Rsvd:        0
HugePages_Surp:        0
Hugepagesize:       4096 kB
DirectMap4k:       16376 kB
DirectMap4M:      892928 kB


CPU:total 2 (2 cores per cpu, 1 threads per core) family 6 model 23 stepping 10, cmov, cx8, fxsr, mmx, sse, sse2, sse3, ssse3, sse4.1

Memory: 4k page, physical 3055700k(552712k free), swap 5855652k(5854080k free)

vm_info: Java HotSpot(TM) Server VM (19.1-b02) for linux-x86 JRE (1.6.0_24-b07), built on Feb  2 2011 16:51:52 by "java_re" with gcc 3.2.1-7a (J2SE release)

time: Thu Sep 15 10:28:05 2011
elapsed time: 2286 seconds

